<?xml version="1.0" encoding="UTF-8"?>
<coverage generated="1775168513924" clover="3.2.0">
  <project timestamp="1775168513925" name="All files">
    <metrics statements="418" coveredstatements="378" conditionals="146" coveredconditionals="98" methods="111" coveredmethods="105" elements="675" coveredelements="581" complexity="0" loc="418" ncloc="418" packages="9" files="23" classes="23"/>
    <package name="src">
      <metrics statements="12" coveredstatements="11" conditionals="0" coveredconditionals="0" methods="1" coveredmethods="0"/>
      <file name="app.js" path="C:\Users\sthep\Documents\GitHub\Projeto-PI-4\comanda-plus\backend\src\app.js">
        <metrics statements="12" coveredstatements="11" conditionals="0" coveredconditionals="0" methods="1" coveredmethods="0"/>
        <line num="4" count="6" type="stmt"/>
        <line num="5" count="6" type="stmt"/>
        <line num="6" count="6" type="stmt"/>
        <line num="7" count="6" type="stmt"/>
        <line num="9" count="6" type="stmt"/>
        <line num="14" count="6" type="stmt"/>
        <line num="17" count="6" type="stmt"/>
        <line num="22" count="6" type="stmt"/>
        <line num="27" count="6" type="stmt"/>
        <line num="28" count="0" type="stmt"/>
        <line num="32" count="6" type="stmt"/>
        <line num="34" count="6" type="stmt"/>
      </file>
    </package>
    <package name="src.config">
      <metrics statements="2" coveredstatements="2" conditionals="0" coveredconditionals="0" methods="0" coveredmethods="0"/>
      <file name="database.js" path="C:\Users\sthep\Documents\GitHub\Projeto-PI-4\comanda-plus\backend\src\config\database.js">
        <metrics statements="2" coveredstatements="2" conditionals="0" coveredconditionals="0" methods="0" coveredmethods="0"/>
        <line num="4" count="6" type="stmt"/>
        <line num="6" count="6" type="stmt"/>
      </file>
    </package>
    <package name="src.controllers">
      <metrics statements="160" coveredstatements="129" conditionals="38" coveredconditionals="27" methods="26" coveredmethods="24"/>
      <file name="addressController.js" path="C:\Users\sthep\Documents\GitHub\Projeto-PI-4\comanda-plus\backend\src\controllers\addressController.js">
        <metrics statements="29" coveredstatements="25" conditionals="6" coveredconditionals="4" methods="5" coveredmethods="5"/>
        <line num="4" count="6" type="stmt"/>
        <line num="6" count="6" type="stmt"/>
        <line num="8" count="2" type="stmt"/>
        <line num="9" count="2" type="stmt"/>
        <line num="10" count="2" type="stmt"/>
        <line num="12" count="0" type="stmt"/>
        <line num="17" count="3" type="stmt"/>
        <line num="18" count="3" type="stmt"/>
        <line num="19" count="2" type="cond" truecount="2" falsecount="0"/>
        <line num="20" count="1" type="stmt"/>
        <line num="22" count="1" type="stmt"/>
        <line num="27" count="1" type="stmt"/>
        <line num="28" count="1" type="stmt"/>
        <line num="29" count="1" type="stmt"/>
        <line num="30" count="1" type="stmt"/>
        <line num="32" count="0" type="stmt"/>
        <line num="37" count="1" type="stmt"/>
        <line num="38" count="1" type="stmt"/>
        <line num="39" count="1" type="cond" truecount="1" falsecount="1"/>
        <line num="40" count="1" type="stmt"/>
        <line num="41" count="1" type="stmt"/>
        <line num="43" count="0" type="stmt"/>
        <line num="48" count="1" type="stmt"/>
        <line num="49" count="1" type="stmt"/>
        <line num="50" count="1" type="cond" truecount="1" falsecount="1"/>
        <line num="51" count="1" type="stmt"/>
        <line num="52" count="1" type="stmt"/>
        <line num="54" count="0" type="stmt"/>
        <line num="59" count="6" type="stmt"/>
      </file>
      <file name="cartController.js" path="C:\Users\sthep\Documents\GitHub\Projeto-PI-4\comanda-plus\backend\src\controllers\cartController.js">
        <metrics statements="33" coveredstatements="23" conditionals="8" coveredconditionals="3" methods="5" coveredmethods="4"/>
        <line num="4" count="6" type="stmt"/>
        <line num="5" count="6" type="stmt"/>
        <line num="7" count="6" type="stmt"/>
        <line num="9" count="2" type="stmt"/>
        <line num="10" count="2" type="stmt"/>
        <line num="11" count="2" type="stmt"/>
        <line num="12" count="2" type="stmt"/>
        <line num="14" count="0" type="stmt"/>
        <line num="19" count="5" type="stmt"/>
        <line num="20" count="5" type="stmt"/>
        <line num="21" count="5" type="stmt"/>
        <line num="22" count="5" type="cond" truecount="1" falsecount="1"/>
        <line num="23" count="5" type="cond" truecount="1" falsecount="1"/>
        <line num="24" count="5" type="stmt"/>
        <line num="26" count="0" type="stmt"/>
        <line num="31" count="0" type="stmt"/>
        <line num="32" count="0" type="stmt"/>
        <line num="33" count="0" type="stmt"/>
        <line num="34" count="0" type="cond" truecount="0" falsecount="2"/>
        <line num="35" count="0" type="stmt"/>
        <line num="36" count="0" type="stmt"/>
        <line num="38" count="0" type="stmt"/>
        <line num="43" count="2" type="stmt"/>
        <line num="44" count="2" type="stmt"/>
        <line num="45" count="1" type="cond" truecount="1" falsecount="1"/>
        <line num="46" count="1" type="stmt"/>
        <line num="47" count="1" type="stmt"/>
        <line num="49" count="1" type="stmt"/>
        <line num="54" count="2" type="stmt"/>
        <line num="55" count="2" type="stmt"/>
        <line num="56" count="2" type="stmt"/>
        <line num="58" count="0" type="stmt"/>
        <line num="63" count="6" type="stmt"/>
      </file>
      <file name="categoryController.js" path="C:\Users\sthep\Documents\GitHub\Projeto-PI-4\comanda-plus\backend\src\controllers\categoryController.js">
        <metrics statements="29" coveredstatements="25" conditionals="6" coveredconditionals="6" methods="5" coveredmethods="5"/>
        <line num="4" count="6" type="stmt"/>
        <line num="6" count="6" type="stmt"/>
        <line num="8" count="1" type="stmt"/>
        <line num="9" count="1" type="stmt"/>
        <line num="10" count="1" type="stmt"/>
        <line num="12" count="0" type="stmt"/>
        <line num="17" count="3" type="stmt"/>
        <line num="18" count="3" type="stmt"/>
        <line num="19" count="3" type="cond" truecount="2" falsecount="0"/>
        <line num="20" count="1" type="stmt"/>
        <line num="22" count="0" type="stmt"/>
        <line num="27" count="2" type="stmt"/>
        <line num="28" count="2" type="stmt"/>
        <line num="29" count="2" type="stmt"/>
        <line num="30" count="1" type="stmt"/>
        <line num="32" count="1" type="stmt"/>
        <line num="37" count="2" type="stmt"/>
        <line num="38" count="2" type="stmt"/>
        <line num="39" count="2" type="cond" truecount="2" falsecount="0"/>
        <line num="40" count="1" type="stmt"/>
        <line num="41" count="1" type="stmt"/>
        <line num="43" count="0" type="stmt"/>
        <line num="48" count="2" type="stmt"/>
        <line num="49" count="2" type="stmt"/>
        <line num="50" count="2" type="cond" truecount="2" falsecount="0"/>
        <line num="51" count="1" type="stmt"/>
        <line num="52" count="1" type="stmt"/>
        <line num="54" count="0" type="stmt"/>
        <line num="59" count="6" type="stmt"/>
      </file>
      <file name="orderController.js" path="C:\Users\sthep\Documents\GitHub\Projeto-PI-4\comanda-plus\backend\src\controllers\orderController.js">
        <metrics statements="38" coveredstatements="29" conditionals="10" coveredconditionals="6" methods="6" coveredmethods="5"/>
        <line num="4" count="6" type="stmt"/>
        <line num="5" count="6" type="stmt"/>
        <line num="7" count="6" type="stmt"/>
        <line num="9" count="3" type="stmt"/>
        <line num="10" count="3" type="stmt"/>
        <line num="11" count="2" type="stmt"/>
        <line num="13" count="1" type="stmt"/>
        <line num="18" count="1" type="stmt"/>
        <line num="19" count="1" type="stmt"/>
        <line num="20" count="1" type="cond" truecount="1" falsecount="1"/>
        <line num="21" count="1" type="stmt"/>
        <line num="23" count="0" type="stmt"/>
        <line num="28" count="3" type="stmt"/>
        <line num="29" count="3" type="stmt"/>
        <line num="30" count="3" type="stmt"/>
        <line num="32" count="3" type="cond" truecount="4" falsecount="0"/>
        <line num="33" count="1" type="stmt"/>
        <line num="35" count="2" type="stmt"/>
        <line num="37" count="2" type="stmt"/>
        <line num="43" count="2" type="stmt"/>
        <line num="46" count="2" type="stmt"/>
        <line num="48" count="2" type="stmt"/>
        <line num="50" count="0" type="stmt"/>
        <line num="55" count="1" type="stmt"/>
        <line num="56" count="1" type="stmt"/>
        <line num="57" count="1" type="stmt"/>
        <line num="59" count="1" type="stmt"/>
        <line num="60" count="1" type="cond" truecount="1" falsecount="1"/>
        <line num="62" count="1" type="stmt"/>
        <line num="63" count="1" type="stmt"/>
        <line num="65" count="0" type="stmt"/>
        <line num="70" count="0" type="stmt"/>
        <line num="71" count="0" type="stmt"/>
        <line num="72" count="0" type="cond" truecount="0" falsecount="2"/>
        <line num="73" count="0" type="stmt"/>
        <line num="74" count="0" type="stmt"/>
        <line num="76" count="0" type="stmt"/>
        <line num="81" count="6" type="stmt"/>
      </file>
      <file name="productController.js" path="C:\Users\sthep\Documents\GitHub\Projeto-PI-4\comanda-plus\backend\src\controllers\productController.js">
        <metrics statements="31" coveredstatements="27" conditionals="8" coveredconditionals="8" methods="5" coveredmethods="5"/>
        <line num="4" count="6" type="stmt"/>
        <line num="6" count="6" type="stmt"/>
        <line num="8" count="3" type="stmt"/>
        <line num="10" count="3" type="cond" truecount="2" falsecount="0"/>
        <line num="11" count="1" type="stmt"/>
        <line num="13" count="2" type="stmt"/>
        <line num="15" count="2" type="stmt"/>
        <line num="17" count="1" type="stmt"/>
        <line num="22" count="3" type="stmt"/>
        <line num="23" count="3" type="stmt"/>
        <line num="24" count="3" type="cond" truecount="2" falsecount="0"/>
        <line num="25" count="1" type="stmt"/>
        <line num="27" count="0" type="stmt"/>
        <line num="32" count="1" type="stmt"/>
        <line num="33" count="1" type="stmt"/>
        <line num="34" count="1" type="stmt"/>
        <line num="35" count="1" type="stmt"/>
        <line num="37" count="0" type="stmt"/>
        <line num="42" count="2" type="stmt"/>
        <line num="43" count="2" type="stmt"/>
        <line num="44" count="2" type="cond" truecount="2" falsecount="0"/>
        <line num="45" count="1" type="stmt"/>
        <line num="46" count="1" type="stmt"/>
        <line num="48" count="0" type="stmt"/>
        <line num="53" count="2" type="stmt"/>
        <line num="54" count="2" type="stmt"/>
        <line num="55" count="2" type="cond" truecount="2" falsecount="0"/>
        <line num="56" count="1" type="stmt"/>
        <line num="57" count="1" type="stmt"/>
        <line num="59" count="0" type="stmt"/>
        <line num="64" count="6" type="stmt"/>
      </file>
    </package>
    <package name="src.database">
      <metrics statements="19" coveredstatements="16" conditionals="8" coveredconditionals="3" methods="4" coveredmethods="4"/>
      <file name="db.js" path="C:\Users\sthep\Documents\GitHub\Projeto-PI-4\comanda-plus\backend\src\database\db.js">
        <metrics statements="19" coveredstatements="16" conditionals="8" coveredconditionals="3" methods="4" coveredmethods="4"/>
        <line num="4" count="6" type="stmt"/>
        <line num="5" count="6" type="stmt"/>
        <line num="6" count="6" type="stmt"/>
        <line num="9" count="6" type="cond" truecount="1" falsecount="1"/>
        <line num="16" count="6" type="stmt"/>
        <line num="17" count="6" type="cond" truecount="1" falsecount="1"/>
        <line num="18" count="0" type="stmt"/>
        <line num="20" count="6" type="stmt"/>
        <line num="22" count="6" type="stmt"/>
        <line num="27" count="6" type="stmt"/>
        <line num="28" count="6" type="stmt"/>
        <line num="29" count="6" type="stmt"/>
        <line num="30" count="6" type="cond" truecount="1" falsecount="1"/>
        <line num="31" count="0" type="stmt"/>
        <line num="32" count="0" type="stmt"/>
        <line num="34" count="6" type="stmt"/>
        <line num="35" count="6" type="stmt"/>
        <line num="41" count="6" type="stmt"/>
        <line num="42" count="6" type="stmt"/>
      </file>
    </package>
    <package name="src.middlewares">
      <metrics statements="12" coveredstatements="12" conditionals="8" coveredconditionals="8" methods="2" coveredmethods="2"/>
      <file name="errorHandler.js" path="C:\Users\sthep\Documents\GitHub\Projeto-PI-4\comanda-plus\backend\src\middlewares\errorHandler.js">
        <metrics statements="4" coveredstatements="4" conditionals="6" coveredconditionals="6" methods="1" coveredmethods="1"/>
        <line num="8" count="10" type="stmt"/>
        <line num="11" count="10" type="cond" truecount="2" falsecount="0"/>
        <line num="13" count="10" type="stmt"/>
        <line num="20" count="7" type="stmt"/>
      </file>
      <file name="validationMiddleware.js" path="C:\Users\sthep\Documents\GitHub\Projeto-PI-4\comanda-plus\backend\src\middlewares\validationMiddleware.js">
        <metrics statements="8" coveredstatements="8" conditionals="2" coveredconditionals="2" methods="1" coveredmethods="1"/>
        <line num="3" count="6" type="stmt"/>
        <line num="6" count="6" type="stmt"/>
        <line num="7" count="16" type="stmt"/>
        <line num="8" count="16" type="cond" truecount="2" falsecount="0"/>
        <line num="11" count="2" type="stmt"/>
        <line num="13" count="2" type="stmt"/>
        <line num="20" count="14" type="stmt"/>
        <line num="23" count="6" type="stmt"/>
      </file>
    </package>
    <package name="src.models">
      <metrics statements="130" coveredstatements="126" conditionals="90" coveredconditionals="58" methods="74" coveredmethods="72"/>
      <file name="addressModel.js" path="C:\Users\sthep\Documents\GitHub\Projeto-PI-4\comanda-plus\backend\src\models\addressModel.js">
        <metrics statements="24" coveredstatements="24" conditionals="21" coveredconditionals="13" methods="14" coveredmethods="14"/>
        <line num="4" count="6" type="stmt"/>
        <line num="7" count="5" type="stmt"/>
        <line num="8" count="5" type="stmt"/>
        <line num="9" count="5" type="cond" truecount="1" falsecount="1"/>
        <line num="10" count="5" type="stmt"/>
        <line num="15" count="6" type="stmt"/>
        <line num="16" count="6" type="stmt"/>
        <line num="17" count="6" type="cond" truecount="1" falsecount="1"/>
        <line num="18" count="6" type="stmt"/>
        <line num="23" count="2" type="stmt"/>
        <line num="24" count="2" type="stmt"/>
        <line num="25" count="2" type="cond" truecount="1" falsecount="1"/>
        <line num="26" count="2" type="stmt"/>
        <line num="31" count="6" type="stmt"/>
        <line num="32" count="2" type="stmt"/>
        <line num="34" count="4" type="stmt"/>
        <line num="37" count="1" type="cond" truecount="1" falsecount="1"/>
        <line num="38" count="1" type="stmt"/>
        <line num="42" count="1" type="stmt"/>
        <line num="46" count="1" type="cond" truecount="1" falsecount="1"/>
        <line num="47" count="1" type="stmt"/>
        <line num="51" count="1" type="stmt"/>
        <line num="54" count="1" type="stmt"/>
        <line num="57" count="6" type="stmt"/>
      </file>
      <file name="cartModel.js" path="C:\Users\sthep\Documents\GitHub\Projeto-PI-4\comanda-plus\backend\src\models\cartModel.js">
        <metrics statements="31" coveredstatements="29" conditionals="14" coveredconditionals="10" methods="17" coveredmethods="16"/>
        <line num="4" count="6" type="stmt"/>
        <line num="7" count="10" type="stmt"/>
        <line num="8" count="10" type="stmt"/>
        <line num="9" count="10" type="cond" truecount="1" falsecount="1"/>
        <line num="10" count="10" type="stmt"/>
        <line num="15" count="15" type="stmt"/>
        <line num="16" count="15" type="stmt"/>
        <line num="17" count="15" type="cond" truecount="1" falsecount="1"/>
        <line num="18" count="15" type="stmt"/>
        <line num="23" count="5" type="stmt"/>
        <line num="24" count="5" type="stmt"/>
        <line num="25" count="5" type="cond" truecount="1" falsecount="1"/>
        <line num="26" count="5" type="stmt"/>
        <line num="31" count="6" type="stmt"/>
        <line num="38" count="6" type="stmt"/>
        <line num="39" count="5" type="stmt"/>
        <line num="41" count="1" type="stmt"/>
        <line num="43" count="5" type="stmt"/>
        <line num="46" count="5" type="stmt"/>
        <line num="47" count="5" type="cond" truecount="2" falsecount="0"/>
        <line num="48" count="1" type="stmt"/>
        <line num="49" count="1" type="stmt"/>
        <line num="51" count="4" type="stmt"/>
        <line num="52" count="4" type="stmt"/>
        <line num="56" count="0" type="stmt"/>
        <line num="57" count="0" type="stmt"/>
        <line num="60" count="1" type="stmt"/>
        <line num="62" count="4" type="stmt"/>
        <line num="65" count="4" type="stmt"/>
        <line num="66" count="4" type="cond" truecount="2" falsecount="0"/>
        <line num="70" count="6" type="stmt"/>
      </file>
      <file name="categoryModel.js" path="C:\Users\sthep\Documents\GitHub\Projeto-PI-4\comanda-plus\backend\src\models\categoryModel.js">
        <metrics statements="22" coveredstatements="22" conditionals="13" coveredconditionals="7" methods="14" coveredmethods="14"/>
        <line num="4" count="6" type="stmt"/>
        <line num="8" count="3" type="stmt"/>
        <line num="9" count="3" type="stmt"/>
        <line num="10" count="3" type="cond" truecount="1" falsecount="1"/>
        <line num="11" count="3" type="stmt"/>
        <line num="18" count="9" type="stmt"/>
        <line num="19" count="9" type="stmt"/>
        <line num="20" count="9" type="cond" truecount="1" falsecount="1"/>
        <line num="21" count="9" type="stmt"/>
        <line num="28" count="1" type="stmt"/>
        <line num="29" count="1" type="stmt"/>
        <line num="30" count="1" type="cond" truecount="1" falsecount="1"/>
        <line num="31" count="1" type="stmt"/>
        <line num="36" count="6" type="stmt"/>
        <line num="37" count="1" type="stmt"/>
        <line num="39" count="7" type="stmt"/>
        <line num="42" count="1" type="cond" truecount="1" falsecount="1"/>
        <line num="43" count="1" type="stmt"/>
        <line num="47" count="1" type="cond" truecount="2" falsecount="0"/>
        <line num="48" count="1" type="stmt"/>
        <line num="51" count="1" type="stmt"/>
        <line num="54" count="6" type="stmt"/>
      </file>
      <file name="orderModel.js" path="C:\Users\sthep\Documents\GitHub\Projeto-PI-4\comanda-plus\backend\src\models\orderModel.js">
        <metrics statements="29" coveredstatements="27" conditionals="15" coveredconditionals="8" methods="14" coveredmethods="13"/>
        <line num="4" count="6" type="stmt"/>
        <line num="7" count="5" type="stmt"/>
        <line num="8" count="5" type="stmt"/>
        <line num="9" count="5" type="cond" truecount="1" falsecount="1"/>
        <line num="10" count="5" type="stmt"/>
        <line num="15" count="5" type="stmt"/>
        <line num="16" count="5" type="stmt"/>
        <line num="17" count="5" type="cond" truecount="1" falsecount="1"/>
        <line num="18" count="5" type="stmt"/>
        <line num="23" count="7" type="stmt"/>
        <line num="24" count="7" type="stmt"/>
        <line num="25" count="7" type="cond" truecount="1" falsecount="1"/>
        <line num="26" count="7" type="stmt"/>
        <line num="31" count="6" type="stmt"/>
        <line num="32" count="2" type="stmt"/>
        <line num="40" count="5" type="stmt"/>
        <line num="47" count="5" type="cond" truecount="1" falsecount="1"/>
        <line num="49" count="5" type="stmt"/>
        <line num="56" count="5" type="stmt"/>
        <line num="61" count="2" type="stmt"/>
        <line num="65" count="2" type="stmt"/>
        <line num="68" count="2" type="stmt"/>
        <line num="69" count="2" type="stmt"/>
        <line num="75" count="2" type="stmt"/>
        <line num="79" count="1" type="stmt"/>
        <line num="80" count="1" type="stmt"/>
        <line num="84" count="0" type="stmt"/>
        <line num="85" count="0" type="stmt"/>
        <line num="89" count="6" type="stmt"/>
      </file>
      <file name="productModel.js" path="C:\Users\sthep\Documents\GitHub\Projeto-PI-4\comanda-plus\backend\src\models\productModel.js">
        <metrics statements="24" coveredstatements="24" conditionals="27" coveredconditionals="20" methods="15" coveredmethods="15"/>
        <line num="4" count="6" type="stmt"/>
        <line num="7" count="3" type="stmt"/>
        <line num="8" count="3" type="stmt"/>
        <line num="9" count="3" type="cond" truecount="1" falsecount="1"/>
        <line num="10" count="3" type="stmt"/>
        <line num="15" count="14" type="stmt"/>
        <line num="16" count="14" type="stmt"/>
        <line num="17" count="14" type="cond" truecount="1" falsecount="1"/>
        <line num="18" count="14" type="stmt"/>
        <line num="23" count="2" type="stmt"/>
        <line num="24" count="2" type="stmt"/>
        <line num="25" count="2" type="cond" truecount="1" falsecount="1"/>
        <line num="26" count="2" type="stmt"/>
        <line num="31" count="6" type="stmt"/>
        <line num="37" count="6" type="stmt"/>
        <line num="38" count="1" type="stmt"/>
        <line num="41" count="1" type="stmt"/>
        <line num="43" count="12" type="stmt"/>
        <line num="46" count="1" type="stmt"/>
        <line num="50" count="1" type="stmt"/>
        <line num="54" count="1" type="stmt"/>
        <line num="58" count="1" type="stmt"/>
        <line num="61" count="1" type="stmt"/>
        <line num="64" count="6" type="stmt"/>
      </file>
    </package>
    <package name="src.routes">
      <metrics statements="70" coveredstatements="69" conditionals="0" coveredconditionals="0" methods="1" coveredmethods="0"/>
      <file name="addressRoutes.js" path="C:\Users\sthep\Documents\GitHub\Projeto-PI-4\comanda-plus\backend\src\routes\addressRoutes.js">
        <metrics statements="11" coveredstatements="11" conditionals="0" coveredconditionals="0" methods="0" coveredmethods="0"/>
        <line num="2" count="6" type="stmt"/>
        <line num="3" count="6" type="stmt"/>
        <line num="4" count="6" type="stmt"/>
        <line num="5" count="6" type="stmt"/>
        <line num="7" count="6" type="stmt"/>
        <line num="9" count="6" type="stmt"/>
        <line num="10" count="6" type="stmt"/>
        <line num="11" count="6" type="stmt"/>
        <line num="12" count="6" type="stmt"/>
        <line num="13" count="6" type="stmt"/>
        <line num="15" count="6" type="stmt"/>
      </file>
      <file name="cartRoutes.js" path="C:\Users\sthep\Documents\GitHub\Projeto-PI-4\comanda-plus\backend\src\routes\cartRoutes.js">
        <metrics statements="11" coveredstatements="11" conditionals="0" coveredconditionals="0" methods="0" coveredmethods="0"/>
        <line num="2" count="6" type="stmt"/>
        <line num="3" count="6" type="stmt"/>
        <line num="4" count="6" type="stmt"/>
        <line num="5" count="6" type="stmt"/>
        <line num="7" count="6" type="stmt"/>
        <line num="10" count="6" type="stmt"/>
        <line num="13" count="6" type="stmt"/>
        <line num="16" count="6" type="stmt"/>
        <line num="19" count="6" type="stmt"/>
        <line num="22" count="6" type="stmt"/>
        <line num="24" count="6" type="stmt"/>
      </file>
      <file name="categoryRoutes.js" path="C:\Users\sthep\Documents\GitHub\Projeto-PI-4\comanda-plus\backend\src\routes\categoryRoutes.js">
        <metrics statements="11" coveredstatements="11" conditionals="0" coveredconditionals="0" methods="0" coveredmethods="0"/>
        <line num="2" count="6" type="stmt"/>
        <line num="3" count="6" type="stmt"/>
        <line num="4" count="6" type="stmt"/>
        <line num="5" count="6" type="stmt"/>
        <line num="7" count="6" type="stmt"/>
        <line num="9" count="6" type="stmt"/>
        <line num="10" count="6" type="stmt"/>
        <line num="11" count="6" type="stmt"/>
        <line num="12" count="6" type="stmt"/>
        <line num="13" count="6" type="stmt"/>
        <line num="15" count="6" type="stmt"/>
      </file>
      <file name="index.js" path="C:\Users\sthep\Documents\GitHub\Projeto-PI-4\comanda-plus\backend\src\routes\index.js">
        <metrics statements="15" coveredstatements="14" conditionals="0" coveredconditionals="0" methods="1" coveredmethods="0"/>
        <line num="4" count="6" type="stmt"/>
        <line num="5" count="6" type="stmt"/>
        <line num="6" count="6" type="stmt"/>
        <line num="7" count="6" type="stmt"/>
        <line num="8" count="6" type="stmt"/>
        <line num="9" count="6" type="stmt"/>
        <line num="11" count="6" type="stmt"/>
        <line num="14" count="6" type="stmt"/>
        <line num="15" count="0" type="stmt"/>
        <line num="24" count="6" type="stmt"/>
        <line num="25" count="6" type="stmt"/>
        <line num="26" count="6" type="stmt"/>
        <line num="27" count="6" type="stmt"/>
        <line num="28" count="6" type="stmt"/>
        <line num="30" count="6" type="stmt"/>
      </file>
      <file name="orderRoutes.js" path="C:\Users\sthep\Documents\GitHub\Projeto-PI-4\comanda-plus\backend\src\routes\orderRoutes.js">
        <metrics statements="11" coveredstatements="11" conditionals="0" coveredconditionals="0" methods="0" coveredmethods="0"/>
        <line num="2" count="6" type="stmt"/>
        <line num="3" count="6" type="stmt"/>
        <line num="4" count="6" type="stmt"/>
        <line num="5" count="6" type="stmt"/>
        <line num="7" count="6" type="stmt"/>
        <line num="9" count="6" type="stmt"/>
        <line num="10" count="6" type="stmt"/>
        <line num="11" count="6" type="stmt"/>
        <line num="12" count="6" type="stmt"/>
        <line num="13" count="6" type="stmt"/>
        <line num="15" count="6" type="stmt"/>
      </file>
      <file name="productRoutes.js" path="C:\Users\sthep\Documents\GitHub\Projeto-PI-4\comanda-plus\backend\src\routes\productRoutes.js">
        <metrics statements="11" coveredstatements="11" conditionals="0" coveredconditionals="0" methods="0" coveredmethods="0"/>
        <line num="2" count="6" type="stmt"/>
        <line num="3" count="6" type="stmt"/>
        <line num="4" count="6" type="stmt"/>
        <line num="5" count="6" type="stmt"/>
        <line num="7" count="6" type="stmt"/>
        <line num="10" count="6" type="stmt"/>
        <line num="13" count="6" type="stmt"/>
        <line num="16" count="6" type="stmt"/>
        <line num="19" count="6" type="stmt"/>
        <line num="22" count="6" type="stmt"/>
        <line num="24" count="6" type="stmt"/>
      </file>
    </package>
    <package name="src.utils">
      <metrics statements="5" coveredstatements="5" conditionals="2" coveredconditionals="2" methods="3" coveredmethods="3"/>
      <file name="helpers.js" path="C:\Users\sthep\Documents\GitHub\Projeto-PI-4\comanda-plus\backend\src\utils\helpers.js">
        <metrics statements="5" coveredstatements="5" conditionals="2" coveredconditionals="2" methods="3" coveredmethods="3"/>
        <line num="10" count="2" type="stmt"/>
        <line num="11" count="2" type="stmt"/>
        <line num="20" count="3" type="stmt"/>
        <line num="32" count="8" type="cond" truecount="2" falsecount="0"/>
        <line num="35" count="1" type="stmt"/>
      </file>
    </package>
    <package name="src.validators">
      <metrics statements="8" coveredstatements="8" conditionals="0" coveredconditionals="0" methods="0" coveredmethods="0"/>
      <file name="index.js" path="C:\Users\sthep\Documents\GitHub\Projeto-PI-4\comanda-plus\backend\src\validators\index.js">
        <metrics statements="8" coveredstatements="8" conditionals="0" coveredconditionals="0" methods="0" coveredmethods="0"/>
        <line num="4" count="6" type="stmt"/>
        <line num="7" count="6" type="stmt"/>
        <line num="17" count="6" type="stmt"/>
        <line num="24" count="6" type="stmt"/>
        <line num="34" count="6" type="stmt"/>
        <line num="41" count="6" type="stmt"/>
        <line num="49" count="6" type="stmt"/>
        <line num="58" count="6" type="stmt"/>
      </file>
    </package>
  </project>
</coverage>
