{"C:\\Users\\sthep\\Documents\\GitHub\\Projeto-PI-4\\comanda-plus\\backend\\src\\app.js": {"path":"C:\\Users\\sthep\\Documents\\GitHub\\Projeto-PI-4\\comanda-plus\\backend\\src\\app.js","statementMap":{"0":{"start":{"line":4,"column":16},"end":{"line":4,"column":34}},"1":{"start":{"line":5,"column":13},"end":{"line":5,"column":28}},"2":{"start":{"line":6,"column":15},"end":{"line":6,"column":34}},"3":{"start":{"line":7,"column":21},"end":{"line":7,"column":58}},"4":{"start":{"line":9,"column":12},"end":{"line":9,"column":21}},"5":{"start":{"line":14,"column":0},"end":{"line":14,"column":16}},"6":{"start":{"line":17,"column":0},"end":{"line":17,"column":24}},"7":{"start":{"line":22,"column":0},"end":{"line":22,"column":24}},"8":{"start":{"line":27,"column":0},"end":{"line":29,"column":3}},"9":{"start":{"line":28,"column":2},"end":{"line":28,"column":76}},"10":{"start":{"line":32,"column":0},"end":{"line":32,"column":22}},"11":{"start":{"line":34,"column":0},"end":{"line":34,"column":21}}},"fnMap":{"0":{"name":"(anonymous_0)","decl":{"start":{"line":27,"column":8},"end":{"line":27,"column":9}},"loc":{"start":{"line":27,"column":22},"end":{"line":29,"column":1}},"line":27}},"branchMap":{},"s":{"0":6,"1":6,"2":6,"3":6,"4":6,"5":6,"6":6,"7":6,"8":6,"9":0,"10":6,"11":6},"f":{"0":0},"b":{},"_coverageSchema":"1a1c01bbd47fc00a2c39e90264f33305004495a9","hash":"7446050a042727e43bcf26f26197dfeb8cf411bc"}
,"C:\\Users\\sthep\\Documents\\GitHub\\Projeto-PI-4\\comanda-plus\\backend\\src\\config\\database.js": {"path":"C:\\Users\\sthep\\Documents\\GitHub\\Projeto-PI-4\\comanda-plus\\backend\\src\\config\\database.js","statementMap":{"0":{"start":{"line":4,"column":11},"end":{"line":4,"column":36}},"1":{"start":{"line":6,"column":0},"end":{"line":6,"column":20}}},"fnMap":{},"branchMap":{},"s":{"0":6,"1":6},"f":{},"b":{},"_coverageSchema":"1a1c01bbd47fc00a2c39e90264f33305004495a9","hash":"7cf45d2b1ebbb4cc8de720a05286ef471ea56e7f"}
,"C:\\Users\\sthep\\Documents\\GitHub\\Projeto-PI-4\\comanda-plus\\backend\\src\\controllers\\addressController.js": {"path":"C:\\Users\\sthep\\Documents\\GitHub\\Projeto-PI-4\\comanda-plus\\backend\\src\\controllers\\addressController.js","statementMap":{"0":{"start":{"line":4,"column":21},"end":{"line":4,"column":54}},"1":{"start":{"line":6,"column":26},"end":{"line":57,"column":1}},"2":{"start":{"line":8,"column":4},"end":{"line":13,"column":5}},"3":{"start":{"line":9,"column":24},"end":{"line":9,"column":51}},"4":{"start":{"line":10,"column":6},"end":{"line":10,"column":52}},"5":{"start":{"line":12,"column":6},"end":{"line":12,"column":18}},"6":{"start":{"line":17,"column":4},"end":{"line":23,"column":5}},"7":{"start":{"line":18,"column":23},"end":{"line":18,"column":64}},"8":{"start":{"line":19,"column":6},"end":{"line":19,"column":106}},"9":{"start":{"line":19,"column":21},"end":{"line":19,"column":106}},"10":{"start":{"line":20,"column":6},"end":{"line":20,"column":51}},"11":{"start":{"line":22,"column":6},"end":{"line":22,"column":18}},"12":{"start":{"line":27,"column":4},"end":{"line":33,"column":5}},"13":{"start":{"line":28,"column":59},"end":{"line":28,"column":67}},"14":{"start":{"line":29,"column":23},"end":{"line":29,"column":58}},"15":{"start":{"line":30,"column":6},"end":{"line":30,"column":63}},"16":{"start":{"line":32,"column":6},"end":{"line":32,"column":18}},"17":{"start":{"line":37,"column":4},"end":{"line":44,"column":5}},"18":{"start":{"line":38,"column":23},"end":{"line":38,"column":64}},"19":{"start":{"line":39,"column":6},"end":{"line":39,"column":106}},"20":{"start":{"line":39,"column":21},"end":{"line":39,"column":106}},"21":{"start":{"line":40,"column":25},"end":{"line":40,"column":75}},"22":{"start":{"line":41,"column":6},"end":{"line":41,"column":53}},"23":{"start":{"line":43,"column":6},"end":{"line":43,"column":18}},"24":{"start":{"line":48,"column":4},"end":{"line":55,"column":5}},"25":{"start":{"line":49,"column":23},"end":{"line":49,"column":64}},"26":{"start":{"line":50,"column":6},"end":{"line":50,"column":106}},"27":{"start":{"line":50,"column":21},"end":{"line":50,"column":106}},"28":{"start":{"line":51,"column":6},"end":{"line":51,"column":47}},"29":{"start":{"line":52,"column":6},"end":{"line":52,"column":77}},"30":{"start":{"line":54,"column":6},"end":{"line":54,"column":18}},"31":{"start":{"line":59,"column":0},"end":{"line":59,"column":35}}},"fnMap":{"0":{"name":"(anonymous_0)","decl":{"start":{"line":7,"column":2},"end":{"line":7,"column":3}},"loc":{"start":{"line":7,"column":31},"end":{"line":14,"column":3}},"line":7},"1":{"name":"(anonymous_1)","decl":{"start":{"line":16,"column":2},"end":{"line":16,"column":3}},"loc":{"start":{"line":16,"column":32},"end":{"line":24,"column":3}},"line":16},"2":{"name":"(anonymous_2)","decl":{"start":{"line":26,"column":2},"end":{"line":26,"column":3}},"loc":{"start":{"line":26,"column":31},"end":{"line":34,"column":3}},"line":26},"3":{"name":"(anonymous_3)","decl":{"start":{"line":36,"column":2},"end":{"line":36,"column":3}},"loc":{"start":{"line":36,"column":31},"end":{"line":45,"column":3}},"line":36},"4":{"name":"(anonymous_4)","decl":{"start":{"line":47,"column":2},"end":{"line":47,"column":3}},"loc":{"start":{"line":47,"column":31},"end":{"line":56,"column":3}},"line":47}},"branchMap":{"0":{"loc":{"start":{"line":19,"column":6},"end":{"line":19,"column":106}},"type":"if","locations":[{"start":{"line":19,"column":6},"end":{"line":19,"column":106}},{"start":{},"end":{}}],"line":19},"1":{"loc":{"start":{"line":39,"column":6},"end":{"line":39,"column":106}},"type":"if","locations":[{"start":{"line":39,"column":6},"end":{"line":39,"column":106}},{"start":{},"end":{}}],"line":39},"2":{"loc":{"start":{"line":50,"column":6},"end":{"line":50,"column":106}},"type":"if","locations":[{"start":{"line":50,"column":6},"end":{"line":50,"column":106}},{"start":{},"end":{}}],"line":50}},"s":{"0":6,"1":6,"2":2,"3":2,"4":2,"5":0,"6":3,"7":3,"8":2,"9":1,"10":1,"11":1,"12":1,"13":1,"14":1,"15":1,"16":0,"17":1,"18":1,"19":1,"20":0,"21":1,"22":1,"23":0,"24":1,"25":1,"26":1,"27":0,"28":1,"29":1,"30":0,"31":6},"f":{"0":2,"1":3,"2":1,"3":1,"4":1},"b":{"0":[1,1],"1":[0,1],"2":[0,1]},"_coverageSchema":"1a1c01bbd47fc00a2c39e90264f33305004495a9","hash":"709cf63433510cd7e6da9aa085f808382912c48d"}
,"C:\\Users\\sthep\\Documents\\GitHub\\Projeto-PI-4\\comanda-plus\\backend\\src\\controllers\\cartController.js": {"path":"C:\\Users\\sthep\\Documents\\GitHub\\Projeto-PI-4\\comanda-plus\\backend\\src\\controllers\\cartController.js","statementMap":{"0":{"start":{"line":4,"column":18},"end":{"line":4,"column":48}},"1":{"start":{"line":5,"column":21},"end":{"line":5,"column":54}},"2":{"start":{"line":7,"column":23},"end":{"line":61,"column":1}},"3":{"start":{"line":9,"column":4},"end":{"line":15,"column":5}},"4":{"start":{"line":10,"column":20},"end":{"line":10,"column":44}},"5":{"start":{"line":11,"column":20},"end":{"line":11,"column":46}},"6":{"start":{"line":12,"column":6},"end":{"line":12,"column":59}},"7":{"start":{"line":14,"column":6},"end":{"line":14,"column":18}},"8":{"start":{"line":19,"column":4},"end":{"line":27,"column":5}},"9":{"start":{"line":20,"column":41},"end":{"line":20,"column":49}},"10":{"start":{"line":21,"column":22},"end":{"line":21,"column":60}},"11":{"start":{"line":22,"column":6},"end":{"line":22,"column":104}},"12":{"start":{"line":22,"column":20},"end":{"line":22,"column":104}},"13":{"start":{"line":23,"column":19},"end":{"line":23,"column":71}},"14":{"start":{"line":24,"column":6},"end":{"line":24,"column":59}},"15":{"start":{"line":26,"column":6},"end":{"line":26,"column":18}},"16":{"start":{"line":31,"column":4},"end":{"line":39,"column":5}},"17":{"start":{"line":32,"column":29},"end":{"line":32,"column":37}},"18":{"start":{"line":33,"column":19},"end":{"line":33,"column":57}},"19":{"start":{"line":34,"column":6},"end":{"line":34,"column":110}},"20":{"start":{"line":34,"column":17},"end":{"line":34,"column":110}},"21":{"start":{"line":35,"column":25},"end":{"line":35,"column":84}},"22":{"start":{"line":36,"column":6},"end":{"line":36,"column":53}},"23":{"start":{"line":38,"column":6},"end":{"line":38,"column":18}},"24":{"start":{"line":43,"column":4},"end":{"line":50,"column":5}},"25":{"start":{"line":44,"column":19},"end":{"line":44,"column":57}},"26":{"start":{"line":45,"column":6},"end":{"line":45,"column":110}},"27":{"start":{"line":45,"column":17},"end":{"line":45,"column":110}},"28":{"start":{"line":46,"column":6},"end":{"line":46,"column":48}},"29":{"start":{"line":47,"column":6},"end":{"line":47,"column":73}},"30":{"start":{"line":49,"column":6},"end":{"line":49,"column":18}},"31":{"start":{"line":54,"column":4},"end":{"line":59,"column":5}},"32":{"start":{"line":55,"column":6},"end":{"line":55,"column":34}},"33":{"start":{"line":56,"column":6},"end":{"line":56,"column":74}},"34":{"start":{"line":58,"column":6},"end":{"line":58,"column":18}},"35":{"start":{"line":63,"column":0},"end":{"line":63,"column":32}}},"fnMap":{"0":{"name":"(anonymous_0)","decl":{"start":{"line":8,"column":2},"end":{"line":8,"column":3}},"loc":{"start":{"line":8,"column":31},"end":{"line":16,"column":3}},"line":8},"1":{"name":"(anonymous_1)","decl":{"start":{"line":18,"column":2},"end":{"line":18,"column":3}},"loc":{"start":{"line":18,"column":32},"end":{"line":28,"column":3}},"line":18},"2":{"name":"(anonymous_2)","decl":{"start":{"line":30,"column":2},"end":{"line":30,"column":3}},"loc":{"start":{"line":30,"column":35},"end":{"line":40,"column":3}},"line":30},"3":{"name":"(anonymous_3)","decl":{"start":{"line":42,"column":2},"end":{"line":42,"column":3}},"loc":{"start":{"line":42,"column":35},"end":{"line":51,"column":3}},"line":42},"4":{"name":"(anonymous_4)","decl":{"start":{"line":53,"column":2},"end":{"line":53,"column":3}},"loc":{"start":{"line":53,"column":34},"end":{"line":60,"column":3}},"line":53}},"branchMap":{"0":{"loc":{"start":{"line":22,"column":6},"end":{"line":22,"column":104}},"type":"if","locations":[{"start":{"line":22,"column":6},"end":{"line":22,"column":104}},{"start":{},"end":{}}],"line":22},"1":{"loc":{"start":{"line":23,"column":55},"end":{"line":23,"column":70}},"type":"binary-expr","locations":[{"start":{"line":23,"column":55},"end":{"line":23,"column":65}},{"start":{"line":23,"column":69},"end":{"line":23,"column":70}}],"line":23},"2":{"loc":{"start":{"line":34,"column":6},"end":{"line":34,"column":110}},"type":"if","locations":[{"start":{"line":34,"column":6},"end":{"line":34,"column":110}},{"start":{},"end":{}}],"line":34},"3":{"loc":{"start":{"line":45,"column":6},"end":{"line":45,"column":110}},"type":"if","locations":[{"start":{"line":45,"column":6},"end":{"line":45,"column":110}},{"start":{},"end":{}}],"line":45}},"s":{"0":6,"1":6,"2":6,"3":2,"4":2,"5":2,"6":2,"7":0,"8":5,"9":5,"10":5,"11":5,"12":0,"13":5,"14":5,"15":0,"16":0,"17":0,"18":0,"19":0,"20":0,"21":0,"22":0,"23":0,"24":2,"25":2,"26":1,"27":0,"28":1,"29":1,"30":1,"31":2,"32":2,"33":2,"34":0,"35":6},"f":{"0":2,"1":5,"2":0,"3":2,"4":2},"b":{"0":[0,5],"1":[5,0],"2":[0,0],"3":[0,1]},"_coverageSchema":"1a1c01bbd47fc00a2c39e90264f33305004495a9","hash":"957960b884e02e21f9ab0ea434117ec287c64c60"}
,"C:\\Users\\sthep\\Documents\\GitHub\\Projeto-PI-4\\comanda-plus\\backend\\src\\controllers\\categoryController.js": {"path":"C:\\Users\\sthep\\Documents\\GitHub\\Projeto-PI-4\\comanda-plus\\backend\\src\\controllers\\categoryController.js","statementMap":{"0":{"start":{"line":4,"column":22},"end":{"line":4,"column":56}},"1":{"start":{"line":6,"column":27},"end":{"line":57,"column":1}},"2":{"start":{"line":8,"column":4},"end":{"line":13,"column":5}},"3":{"start":{"line":9,"column":25},"end":{"line":9,"column":53}},"4":{"start":{"line":10,"column":6},"end":{"line":10,"column":53}},"5":{"start":{"line":12,"column":6},"end":{"line":12,"column":18}},"6":{"start":{"line":17,"column":4},"end":{"line":23,"column":5}},"7":{"start":{"line":18,"column":24},"end":{"line":18,"column":66}},"8":{"start":{"line":19,"column":6},"end":{"line":19,"column":108}},"9":{"start":{"line":19,"column":22},"end":{"line":19,"column":108}},"10":{"start":{"line":20,"column":6},"end":{"line":20,"column":52}},"11":{"start":{"line":22,"column":6},"end":{"line":22,"column":18}},"12":{"start":{"line":27,"column":4},"end":{"line":33,"column":5}},"13":{"start":{"line":28,"column":30},"end":{"line":28,"column":38}},"14":{"start":{"line":29,"column":24},"end":{"line":29,"column":67}},"15":{"start":{"line":30,"column":6},"end":{"line":30,"column":64}},"16":{"start":{"line":32,"column":6},"end":{"line":32,"column":18}},"17":{"start":{"line":37,"column":4},"end":{"line":44,"column":5}},"18":{"start":{"line":38,"column":24},"end":{"line":38,"column":66}},"19":{"start":{"line":39,"column":6},"end":{"line":39,"column":108}},"20":{"start":{"line":39,"column":22},"end":{"line":39,"column":108}},"21":{"start":{"line":40,"column":25},"end":{"line":40,"column":76}},"22":{"start":{"line":41,"column":6},"end":{"line":41,"column":53}},"23":{"start":{"line":43,"column":6},"end":{"line":43,"column":18}},"24":{"start":{"line":48,"column":4},"end":{"line":55,"column":5}},"25":{"start":{"line":49,"column":24},"end":{"line":49,"column":66}},"26":{"start":{"line":50,"column":6},"end":{"line":50,"column":108}},"27":{"start":{"line":50,"column":22},"end":{"line":50,"column":108}},"28":{"start":{"line":51,"column":6},"end":{"line":51,"column":48}},"29":{"start":{"line":52,"column":6},"end":{"line":52,"column":78}},"30":{"start":{"line":54,"column":6},"end":{"line":54,"column":18}},"31":{"start":{"line":59,"column":0},"end":{"line":59,"column":36}}},"fnMap":{"0":{"name":"(anonymous_0)","decl":{"start":{"line":7,"column":2},"end":{"line":7,"column":3}},"loc":{"start":{"line":7,"column":31},"end":{"line":14,"column":3}},"line":7},"1":{"name":"(anonymous_1)","decl":{"start":{"line":16,"column":2},"end":{"line":16,"column":3}},"loc":{"start":{"line":16,"column":32},"end":{"line":24,"column":3}},"line":16},"2":{"name":"(anonymous_2)","decl":{"start":{"line":26,"column":2},"end":{"line":26,"column":3}},"loc":{"start":{"line":26,"column":31},"end":{"line":34,"column":3}},"line":26},"3":{"name":"(anonymous_3)","decl":{"start":{"line":36,"column":2},"end":{"line":36,"column":3}},"loc":{"start":{"line":36,"column":31},"end":{"line":45,"column":3}},"line":36},"4":{"name":"(anonymous_4)","decl":{"start":{"line":47,"column":2},"end":{"line":47,"column":3}},"loc":{"start":{"line":47,"column":31},"end":{"line":56,"column":3}},"line":47}},"branchMap":{"0":{"loc":{"start":{"line":19,"column":6},"end":{"line":19,"column":108}},"type":"if","locations":[{"start":{"line":19,"column":6},"end":{"line":19,"column":108}},{"start":{},"end":{}}],"line":19},"1":{"loc":{"start":{"line":39,"column":6},"end":{"line":39,"column":108}},"type":"if","locations":[{"start":{"line":39,"column":6},"end":{"line":39,"column":108}},{"start":{},"end":{}}],"line":39},"2":{"loc":{"start":{"line":50,"column":6},"end":{"line":50,"column":108}},"type":"if","locations":[{"start":{"line":50,"column":6},"end":{"line":50,"column":108}},{"start":{},"end":{}}],"line":50}},"s":{"0":6,"1":6,"2":1,"3":1,"4":1,"5":0,"6":3,"7":3,"8":3,"9":2,"10":1,"11":0,"12":2,"13":2,"14":2,"15":1,"16":1,"17":2,"18":2,"19":2,"20":1,"21":1,"22":1,"23":0,"24":2,"25":2,"26":2,"27":1,"28":1,"29":1,"30":0,"31":6},"f":{"0":1,"1":3,"2":2,"3":2,"4":2},"b":{"0":[2,1],"1":[1,1],"2":[1,1]},"_coverageSchema":"1a1c01bbd47fc00a2c39e90264f33305004495a9","hash":"765e447b7f84080ec0f28fb4699a8bcc36b7caa6"}
,"C:\\Users\\sthep\\Documents\\GitHub\\Projeto-PI-4\\comanda-plus\\backend\\src\\controllers\\orderController.js": {"path":"C:\\Users\\sthep\\Documents\\GitHub\\Projeto-PI-4\\comanda-plus\\backend\\src\\controllers\\orderController.js","statementMap":{"0":{"start":{"line":4,"column":19},"end":{"line":4,"column":50}},"1":{"start":{"line":5,"column":18},"end":{"line":5,"column":48}},"2":{"start":{"line":7,"column":24},"end":{"line":79,"column":1}},"3":{"start":{"line":9,"column":4},"end":{"line":14,"column":5}},"4":{"start":{"line":10,"column":22},"end":{"line":10,"column":47}},"5":{"start":{"line":11,"column":6},"end":{"line":11,"column":50}},"6":{"start":{"line":13,"column":6},"end":{"line":13,"column":18}},"7":{"start":{"line":18,"column":4},"end":{"line":24,"column":5}},"8":{"start":{"line":19,"column":21},"end":{"line":19,"column":60}},"9":{"start":{"line":20,"column":6},"end":{"line":20,"column":102}},"10":{"start":{"line":20,"column":19},"end":{"line":20,"column":102}},"11":{"start":{"line":21,"column":6},"end":{"line":21,"column":49}},"12":{"start":{"line":23,"column":6},"end":{"line":23,"column":18}},"13":{"start":{"line":28,"column":4},"end":{"line":51,"column":5}},"14":{"start":{"line":29,"column":41},"end":{"line":29,"column":49}},"15":{"start":{"line":30,"column":28},"end":{"line":30,"column":52}},"16":{"start":{"line":32,"column":6},"end":{"line":33,"column":91}},"17":{"start":{"line":33,"column":8},"end":{"line":33,"column":91}},"18":{"start":{"line":35,"column":20},"end":{"line":35,"column":46}},"19":{"start":{"line":37,"column":20},"end":{"line":41,"column":9}},"20":{"start":{"line":37,"column":49},"end":{"line":41,"column":7}},"21":{"start":{"line":43,"column":21},"end":{"line":43,"column":86}},"22":{"start":{"line":46,"column":6},"end":{"line":46,"column":34}},"23":{"start":{"line":48,"column":6},"end":{"line":48,"column":61}},"24":{"start":{"line":50,"column":6},"end":{"line":50,"column":18}},"25":{"start":{"line":55,"column":4},"end":{"line":66,"column":5}},"26":{"start":{"line":56,"column":25},"end":{"line":56,"column":33}},"27":{"start":{"line":57,"column":28},"end":{"line":57,"column":106}},"28":{"start":{"line":59,"column":21},"end":{"line":59,"column":60}},"29":{"start":{"line":60,"column":6},"end":{"line":60,"column":102}},"30":{"start":{"line":60,"column":19},"end":{"line":60,"column":102}},"31":{"start":{"line":62,"column":25},"end":{"line":62,"column":77}},"32":{"start":{"line":63,"column":6},"end":{"line":63,"column":53}},"33":{"start":{"line":65,"column":6},"end":{"line":65,"column":18}},"34":{"start":{"line":70,"column":4},"end":{"line":77,"column":5}},"35":{"start":{"line":71,"column":21},"end":{"line":71,"column":60}},"36":{"start":{"line":72,"column":6},"end":{"line":72,"column":102}},"37":{"start":{"line":72,"column":19},"end":{"line":72,"column":102}},"38":{"start":{"line":73,"column":6},"end":{"line":73,"column":45}},"39":{"start":{"line":74,"column":6},"end":{"line":74,"column":75}},"40":{"start":{"line":76,"column":6},"end":{"line":76,"column":18}},"41":{"start":{"line":81,"column":0},"end":{"line":81,"column":33}}},"fnMap":{"0":{"name":"(anonymous_0)","decl":{"start":{"line":8,"column":2},"end":{"line":8,"column":3}},"loc":{"start":{"line":8,"column":31},"end":{"line":15,"column":3}},"line":8},"1":{"name":"(anonymous_1)","decl":{"start":{"line":17,"column":2},"end":{"line":17,"column":3}},"loc":{"start":{"line":17,"column":32},"end":{"line":25,"column":3}},"line":17},"2":{"name":"(anonymous_2)","decl":{"start":{"line":27,"column":2},"end":{"line":27,"column":3}},"loc":{"start":{"line":27,"column":31},"end":{"line":52,"column":3}},"line":27},"3":{"name":"(anonymous_3)","decl":{"start":{"line":37,"column":38},"end":{"line":37,"column":39}},"loc":{"start":{"line":37,"column":49},"end":{"line":41,"column":7}},"line":37},"4":{"name":"(anonymous_4)","decl":{"start":{"line":54,"column":2},"end":{"line":54,"column":3}},"loc":{"start":{"line":54,"column":37},"end":{"line":67,"column":3}},"line":54},"5":{"name":"(anonymous_5)","decl":{"start":{"line":69,"column":2},"end":{"line":69,"column":3}},"loc":{"start":{"line":69,"column":31},"end":{"line":78,"column":3}},"line":69}},"branchMap":{"0":{"loc":{"start":{"line":20,"column":6},"end":{"line":20,"column":102}},"type":"if","locations":[{"start":{"line":20,"column":6},"end":{"line":20,"column":102}},{"start":{},"end":{}}],"line":20},"1":{"loc":{"start":{"line":32,"column":6},"end":{"line":33,"column":91}},"type":"if","locations":[{"start":{"line":32,"column":6},"end":{"line":33,"column":91}},{"start":{},"end":{}}],"line":32},"2":{"loc":{"start":{"line":32,"column":10},"end":{"line":32,"column":54}},"type":"binary-expr","locations":[{"start":{"line":32,"column":10},"end":{"line":32,"column":24}},{"start":{"line":32,"column":28},"end":{"line":32,"column":54}}],"line":32},"3":{"loc":{"start":{"line":60,"column":6},"end":{"line":60,"column":102}},"type":"if","locations":[{"start":{"line":60,"column":6},"end":{"line":60,"column":102}},{"start":{},"end":{}}],"line":60},"4":{"loc":{"start":{"line":72,"column":6},"end":{"line":72,"column":102}},"type":"if","locations":[{"start":{"line":72,"column":6},"end":{"line":72,"column":102}},{"start":{},"end":{}}],"line":72}},"s":{"0":6,"1":6,"2":6,"3":3,"4":3,"5":2,"6":1,"7":1,"8":1,"9":1,"10":0,"11":1,"12":0,"13":3,"14":3,"15":3,"16":3,"17":1,"18":2,"19":2,"20":2,"21":2,"22":2,"23":2,"24":0,"25":1,"26":1,"27":1,"28":1,"29":1,"30":0,"31":1,"32":1,"33":0,"34":0,"35":0,"36":0,"37":0,"38":0,"39":0,"40":0,"41":6},"f":{"0":3,"1":1,"2":3,"3":2,"4":1,"5":0},"b":{"0":[0,1],"1":[1,2],"2":[3,3],"3":[0,1],"4":[0,0]},"_coverageSchema":"1a1c01bbd47fc00a2c39e90264f33305004495a9","hash":"df450d5f7186e5f68ddc300c2223f5c90a12405a"}
,"C:\\Users\\sthep\\Documents\\GitHub\\Projeto-PI-4\\comanda-plus\\backend\\src\\controllers\\productController.js": {"path":"C:\\Users\\sthep\\Documents\\GitHub\\Projeto-PI-4\\comanda-plus\\backend\\src\\controllers\\productController.js","statementMap":{"0":{"start":{"line":4,"column":21},"end":{"line":4,"column":54}},"1":{"start":{"line":6,"column":26},"end":{"line":62,"column":1}},"2":{"start":{"line":8,"column":4},"end":{"line":18,"column":5}},"3":{"start":{"line":10,"column":6},"end":{"line":14,"column":7}},"4":{"start":{"line":11,"column":8},"end":{"line":11,"column":75}},"5":{"start":{"line":13,"column":8},"end":{"line":13,"column":47}},"6":{"start":{"line":15,"column":6},"end":{"line":15,"column":51}},"7":{"start":{"line":17,"column":6},"end":{"line":17,"column":18}},"8":{"start":{"line":22,"column":4},"end":{"line":28,"column":5}},"9":{"start":{"line":23,"column":22},"end":{"line":23,"column":63}},"10":{"start":{"line":24,"column":6},"end":{"line":24,"column":104}},"11":{"start":{"line":24,"column":20},"end":{"line":24,"column":104}},"12":{"start":{"line":25,"column":6},"end":{"line":25,"column":50}},"13":{"start":{"line":27,"column":6},"end":{"line":27,"column":18}},"14":{"start":{"line":32,"column":4},"end":{"line":38,"column":5}},"15":{"start":{"line":33,"column":30},"end":{"line":33,"column":38}},"16":{"start":{"line":34,"column":22},"end":{"line":34,"column":57}},"17":{"start":{"line":35,"column":6},"end":{"line":35,"column":62}},"18":{"start":{"line":37,"column":6},"end":{"line":37,"column":18}},"19":{"start":{"line":42,"column":4},"end":{"line":49,"column":5}},"20":{"start":{"line":43,"column":22},"end":{"line":43,"column":63}},"21":{"start":{"line":44,"column":6},"end":{"line":44,"column":104}},"22":{"start":{"line":44,"column":20},"end":{"line":44,"column":104}},"23":{"start":{"line":45,"column":25},"end":{"line":45,"column":75}},"24":{"start":{"line":46,"column":6},"end":{"line":46,"column":53}},"25":{"start":{"line":48,"column":6},"end":{"line":48,"column":18}},"26":{"start":{"line":53,"column":4},"end":{"line":60,"column":5}},"27":{"start":{"line":54,"column":22},"end":{"line":54,"column":63}},"28":{"start":{"line":55,"column":6},"end":{"line":55,"column":104}},"29":{"start":{"line":55,"column":20},"end":{"line":55,"column":104}},"30":{"start":{"line":56,"column":6},"end":{"line":56,"column":47}},"31":{"start":{"line":57,"column":6},"end":{"line":57,"column":76}},"32":{"start":{"line":59,"column":6},"end":{"line":59,"column":18}},"33":{"start":{"line":64,"column":0},"end":{"line":64,"column":35}}},"fnMap":{"0":{"name":"(anonymous_0)","decl":{"start":{"line":7,"column":2},"end":{"line":7,"column":3}},"loc":{"start":{"line":7,"column":31},"end":{"line":19,"column":3}},"line":7},"1":{"name":"(anonymous_1)","decl":{"start":{"line":21,"column":2},"end":{"line":21,"column":3}},"loc":{"start":{"line":21,"column":32},"end":{"line":29,"column":3}},"line":21},"2":{"name":"(anonymous_2)","decl":{"start":{"line":31,"column":2},"end":{"line":31,"column":3}},"loc":{"start":{"line":31,"column":31},"end":{"line":39,"column":3}},"line":31},"3":{"name":"(anonymous_3)","decl":{"start":{"line":41,"column":2},"end":{"line":41,"column":3}},"loc":{"start":{"line":41,"column":31},"end":{"line":50,"column":3}},"line":41},"4":{"name":"(anonymous_4)","decl":{"start":{"line":52,"column":2},"end":{"line":52,"column":3}},"loc":{"start":{"line":52,"column":31},"end":{"line":61,"column":3}},"line":52}},"branchMap":{"0":{"loc":{"start":{"line":10,"column":6},"end":{"line":14,"column":7}},"type":"if","locations":[{"start":{"line":10,"column":6},"end":{"line":14,"column":7}},{"start":{"line":12,"column":13},"end":{"line":14,"column":7}}],"line":10},"1":{"loc":{"start":{"line":24,"column":6},"end":{"line":24,"column":104}},"type":"if","locations":[{"start":{"line":24,"column":6},"end":{"line":24,"column":104}},{"start":{},"end":{}}],"line":24},"2":{"loc":{"start":{"line":44,"column":6},"end":{"line":44,"column":104}},"type":"if","locations":[{"start":{"line":44,"column":6},"end":{"line":44,"column":104}},{"start":{},"end":{}}],"line":44},"3":{"loc":{"start":{"line":55,"column":6},"end":{"line":55,"column":104}},"type":"if","locations":[{"start":{"line":55,"column":6},"end":{"line":55,"column":104}},{"start":{},"end":{}}],"line":55}},"s":{"0":6,"1":6,"2":3,"3":3,"4":1,"5":2,"6":2,"7":1,"8":3,"9":3,"10":3,"11":2,"12":1,"13":0,"14":1,"15":1,"16":1,"17":1,"18":0,"19":2,"20":2,"21":2,"22":1,"23":1,"24":1,"25":0,"26":2,"27":2,"28":2,"29":1,"30":1,"31":1,"32":0,"33":6},"f":{"0":3,"1":3,"2":1,"3":2,"4":2},"b":{"0":[1,2],"1":[2,1],"2":[1,1],"3":[1,1]},"_coverageSchema":"1a1c01bbd47fc00a2c39e90264f33305004495a9","hash":"51192f71b6ecfeb895324538158d2a5aa7e34720"}
,"C:\\Users\\sthep\\Documents\\GitHub\\Projeto-PI-4\\comanda-plus\\backend\\src\\database\\db.js": {"path":"C:\\Users\\sthep\\Documents\\GitHub\\Projeto-PI-4\\comanda-plus\\backend\\src\\database\\db.js","statementMap":{"0":{"start":{"line":4,"column":16},"end":{"line":4,"column":44}},"1":{"start":{"line":5,"column":13},"end":{"line":5,"column":28}},"2":{"start":{"line":6,"column":0},"end":{"line":6,"column":27}},"3":{"start":{"line":9,"column":15},"end":{"line":13,"column":55}},"4":{"start":{"line":16,"column":11},"end":{"line":24,"column":2}},"5":{"start":{"line":17,"column":2},"end":{"line":23,"column":3}},"6":{"start":{"line":18,"column":4},"end":{"line":18,"column":72}},"7":{"start":{"line":20,"column":4},"end":{"line":20,"column":57}},"8":{"start":{"line":22,"column":4},"end":{"line":22,"column":41}},"9":{"start":{"line":27,"column":24},"end":{"line":39,"column":1}},"10":{"start":{"line":28,"column":2},"end":{"line":38,"column":5}},"11":{"start":{"line":29,"column":4},"end":{"line":37,"column":7}},"12":{"start":{"line":30,"column":6},"end":{"line":36,"column":7}},"13":{"start":{"line":31,"column":8},"end":{"line":31,"column":62}},"14":{"start":{"line":32,"column":8},"end":{"line":32,"column":20}},"15":{"start":{"line":34,"column":8},"end":{"line":34,"column":54}},"16":{"start":{"line":35,"column":8},"end":{"line":35,"column":18}},"17":{"start":{"line":41,"column":0},"end":{"line":41,"column":20}},"18":{"start":{"line":42,"column":0},"end":{"line":42,"column":49}}},"fnMap":{"0":{"name":"(anonymous_0)","decl":{"start":{"line":16,"column":40},"end":{"line":16,"column":41}},"loc":{"start":{"line":16,"column":49},"end":{"line":24,"column":1}},"line":16},"1":{"name":"(anonymous_1)","decl":{"start":{"line":27,"column":24},"end":{"line":27,"column":25}},"loc":{"start":{"line":27,"column":30},"end":{"line":39,"column":1}},"line":27},"2":{"name":"(anonymous_2)","decl":{"start":{"line":28,"column":21},"end":{"line":28,"column":22}},"loc":{"start":{"line":28,"column":42},"end":{"line":38,"column":3}},"line":28},"3":{"name":"(anonymous_3)","decl":{"start":{"line":29,"column":13},"end":{"line":29,"column":14}},"loc":{"start":{"line":29,"column":22},"end":{"line":37,"column":5}},"line":29}},"branchMap":{"0":{"loc":{"start":{"line":9,"column":15},"end":{"line":13,"column":55}},"type":"cond-expr","locations":[{"start":{"line":10,"column":4},"end":{"line":10,"column":14}},{"start":{"line":11,"column":5},"end":{"line":13,"column":54}}],"line":9},"1":{"loc":{"start":{"line":11,"column":5},"end":{"line":13,"column":54}},"type":"cond-expr","locations":[{"start":{"line":12,"column":6},"end":{"line":12,"column":54}},{"start":{"line":13,"column":6},"end":{"line":13,"column":54}}],"line":11},"2":{"loc":{"start":{"line":17,"column":2},"end":{"line":23,"column":3}},"type":"if","locations":[{"start":{"line":17,"column":2},"end":{"line":23,"column":3}},{"start":{"line":19,"column":9},"end":{"line":23,"column":3}}],"line":17},"3":{"loc":{"start":{"line":30,"column":6},"end":{"line":36,"column":7}},"type":"if","locations":[{"start":{"line":30,"column":6},"end":{"line":36,"column":7}},{"start":{"line":33,"column":13},"end":{"line":36,"column":7}}],"line":30}},"s":{"0":6,"1":6,"2":6,"3":6,"4":6,"5":6,"6":0,"7":6,"8":6,"9":6,"10":6,"11":6,"12":6,"13":0,"14":0,"15":6,"16":6,"17":6,"18":6},"f":{"0":6,"1":6,"2":6,"3":6},"b":{"0":[6,0],"1":[0,0],"2":[0,6],"3":[0,6]},"_coverageSchema":"1a1c01bbd47fc00a2c39e90264f33305004495a9","hash":"07fb1b0cde3f9dba8fa361868f13be143b101e3c"}
,"C:\\Users\\sthep\\Documents\\GitHub\\Projeto-PI-4\\comanda-plus\\backend\\src\\middlewares\\errorHandler.js": {"path":"C:\\Users\\sthep\\Documents\\GitHub\\Projeto-PI-4\\comanda-plus\\backend\\src\\middlewares\\errorHandler.js","statementMap":{"0":{"start":{"line":8,"column":2},"end":{"line":8,"column":40}},"1":{"start":{"line":11,"column":17},"end":{"line":11,"column":34}},"2":{"start":{"line":13,"column":2},"end":{"line":17,"column":5}},"3":{"start":{"line":20,"column":0},"end":{"line":20,"column":30}}},"fnMap":{"0":{"name":"errorHandler","decl":{"start":{"line":7,"column":9},"end":{"line":7,"column":21}},"loc":{"start":{"line":7,"column":43},"end":{"line":18,"column":1}},"line":7}},"branchMap":{"0":{"loc":{"start":{"line":11,"column":17},"end":{"line":11,"column":34}},"type":"binary-expr","locations":[{"start":{"line":11,"column":17},"end":{"line":11,"column":27}},{"start":{"line":11,"column":31},"end":{"line":11,"column":34}}],"line":11},"1":{"loc":{"start":{"line":15,"column":14},"end":{"line":15,"column":55}},"type":"binary-expr","locations":[{"start":{"line":15,"column":14},"end":{"line":15,"column":25}},{"start":{"line":15,"column":29},"end":{"line":15,"column":55}}],"line":15},"2":{"loc":{"start":{"line":16,"column":8},"end":{"line":16,"column":70}},"type":"binary-expr","locations":[{"start":{"line":16,"column":8},"end":{"line":16,"column":46}},{"start":{"line":16,"column":50},"end":{"line":16,"column":70}}],"line":16}},"s":{"0":10,"1":10,"2":10,"3":7},"f":{"0":10},"b":{"0":[10,9],"1":[10,1],"2":[10,1]},"_coverageSchema":"1a1c01bbd47fc00a2c39e90264f33305004495a9","hash":"da252c2edc7a3f7894c951f17e08a9c9b4ae4754"}
,"C:\\Users\\sthep\\Documents\\GitHub\\Projeto-PI-4\\comanda-plus\\backend\\src\\middlewares\\validationMiddleware.js": {"path":"C:\\Users\\sthep\\Documents\\GitHub\\Projeto-PI-4\\comanda-plus\\backend\\src\\middlewares\\validationMiddleware.js","statementMap":{"0":{"start":{"line":3,"column":29},"end":{"line":3,"column":57}},"1":{"start":{"line":6,"column":31},"end":{"line":21,"column":1}},"2":{"start":{"line":7,"column":17},"end":{"line":7,"column":38}},"3":{"start":{"line":8,"column":2},"end":{"line":18,"column":3}},"4":{"start":{"line":11,"column":26},"end":{"line":11,"column":47}},"5":{"start":{"line":13,"column":4},"end":{"line":17,"column":7}},"6":{"start":{"line":20,"column":2},"end":{"line":20,"column":9}},"7":{"start":{"line":23,"column":0},"end":{"line":25,"column":2}}},"fnMap":{"0":{"name":"(anonymous_0)","decl":{"start":{"line":6,"column":31},"end":{"line":6,"column":32}},"loc":{"start":{"line":6,"column":51},"end":{"line":21,"column":1}},"line":6}},"branchMap":{"0":{"loc":{"start":{"line":8,"column":2},"end":{"line":18,"column":3}},"type":"if","locations":[{"start":{"line":8,"column":2},"end":{"line":18,"column":3}},{"start":{},"end":{}}],"line":8}},"s":{"0":6,"1":6,"2":16,"3":16,"4":2,"5":2,"6":14,"7":6},"f":{"0":16},"b":{"0":[2,14]},"_coverageSchema":"1a1c01bbd47fc00a2c39e90264f33305004495a9","hash":"6366daf826016c753fea683586c31c32bbc90ca7"}
,"C:\\Users\\sthep\\Documents\\GitHub\\Projeto-PI-4\\comanda-plus\\backend\\src\\models\\addressModel.js": {"path":"C:\\Users\\sthep\\Documents\\GitHub\\Projeto-PI-4\\comanda-plus\\backend\\src\\models\\addressModel.js","statementMap":{"0":{"start":{"line":4,"column":11},"end":{"line":4,"column":40}},"1":{"start":{"line":7,"column":2},"end":{"line":12,"column":5}},"2":{"start":{"line":8,"column":4},"end":{"line":11,"column":7}},"3":{"start":{"line":9,"column":6},"end":{"line":10,"column":25}},"4":{"start":{"line":9,"column":15},"end":{"line":9,"column":27}},"5":{"start":{"line":10,"column":11},"end":{"line":10,"column":25}},"6":{"start":{"line":15,"column":2},"end":{"line":20,"column":5}},"7":{"start":{"line":16,"column":4},"end":{"line":19,"column":7}},"8":{"start":{"line":17,"column":6},"end":{"line":18,"column":24}},"9":{"start":{"line":17,"column":15},"end":{"line":17,"column":27}},"10":{"start":{"line":18,"column":11},"end":{"line":18,"column":24}},"11":{"start":{"line":23,"column":2},"end":{"line":28,"column":5}},"12":{"start":{"line":24,"column":4},"end":{"line":27,"column":7}},"13":{"start":{"line":25,"column":6},"end":{"line":26,"column":25}},"14":{"start":{"line":25,"column":15},"end":{"line":25,"column":27}},"15":{"start":{"line":26,"column":11},"end":{"line":26,"column":25}},"16":{"start":{"line":31,"column":21},"end":{"line":55,"column":1}},"17":{"start":{"line":32,"column":16},"end":{"line":32,"column":78}},"18":{"start":{"line":34,"column":19},"end":{"line":34,"column":68}},"19":{"start":{"line":37,"column":4},"end":{"line":37,"column":67}},"20":{"start":{"line":37,"column":19},"end":{"line":37,"column":67}},"21":{"start":{"line":38,"column":14},"end":{"line":41,"column":5}},"22":{"start":{"line":42,"column":4},"end":{"line":42,"column":67}},"23":{"start":{"line":46,"column":4},"end":{"line":46,"column":67}},"24":{"start":{"line":46,"column":19},"end":{"line":46,"column":67}},"25":{"start":{"line":47,"column":4},"end":{"line":50,"column":6}},"26":{"start":{"line":51,"column":4},"end":{"line":51,"column":61}},"27":{"start":{"line":54,"column":18},"end":{"line":54,"column":65}},"28":{"start":{"line":57,"column":0},"end":{"line":57,"column":30}}},"fnMap":{"0":{"name":"run","decl":{"start":{"line":6,"column":9},"end":{"line":6,"column":12}},"loc":{"start":{"line":6,"column":31},"end":{"line":13,"column":1}},"line":6},"1":{"name":"(anonymous_1)","decl":{"start":{"line":7,"column":21},"end":{"line":7,"column":22}},"loc":{"start":{"line":7,"column":42},"end":{"line":12,"column":3}},"line":7},"2":{"name":"(anonymous_2)","decl":{"start":{"line":8,"column":24},"end":{"line":8,"column":25}},"loc":{"start":{"line":8,"column":39},"end":{"line":11,"column":5}},"line":8},"3":{"name":"get","decl":{"start":{"line":14,"column":9},"end":{"line":14,"column":12}},"loc":{"start":{"line":14,"column":31},"end":{"line":21,"column":1}},"line":14},"4":{"name":"(anonymous_4)","decl":{"start":{"line":15,"column":21},"end":{"line":15,"column":22}},"loc":{"start":{"line":15,"column":42},"end":{"line":20,"column":3}},"line":15},"5":{"name":"(anonymous_5)","decl":{"start":{"line":16,"column":24},"end":{"line":16,"column":25}},"loc":{"start":{"line":16,"column":38},"end":{"line":19,"column":5}},"line":16},"6":{"name":"all","decl":{"start":{"line":22,"column":9},"end":{"line":22,"column":12}},"loc":{"start":{"line":22,"column":31},"end":{"line":29,"column":1}},"line":22},"7":{"name":"(anonymous_7)","decl":{"start":{"line":23,"column":21},"end":{"line":23,"column":22}},"loc":{"start":{"line":23,"column":42},"end":{"line":28,"column":3}},"line":23},"8":{"name":"(anonymous_8)","decl":{"start":{"line":24,"column":24},"end":{"line":24,"column":25}},"loc":{"start":{"line":24,"column":39},"end":{"line":27,"column":5}},"line":24},"9":{"name":"(anonymous_9)","decl":{"start":{"line":32,"column":10},"end":{"line":32,"column":11}},"loc":{"start":{"line":32,"column":16},"end":{"line":32,"column":78}},"line":32},"10":{"name":"(anonymous_10)","decl":{"start":{"line":34,"column":11},"end":{"line":34,"column":12}},"loc":{"start":{"line":34,"column":19},"end":{"line":34,"column":68}},"line":34},"11":{"name":"(anonymous_11)","decl":{"start":{"line":36,"column":2},"end":{"line":36,"column":3}},"loc":{"start":{"line":36,"column":85},"end":{"line":43,"column":3}},"line":36},"12":{"name":"(anonymous_12)","decl":{"start":{"line":45,"column":2},"end":{"line":45,"column":3}},"loc":{"start":{"line":45,"column":89},"end":{"line":52,"column":3}},"line":45},"13":{"name":"(anonymous_13)","decl":{"start":{"line":54,"column":10},"end":{"line":54,"column":11}},"loc":{"start":{"line":54,"column":18},"end":{"line":54,"column":65}},"line":54}},"branchMap":{"0":{"loc":{"start":{"line":6,"column":18},"end":{"line":6,"column":29}},"type":"default-arg","locations":[{"start":{"line":6,"column":27},"end":{"line":6,"column":29}}],"line":6},"1":{"loc":{"start":{"line":9,"column":6},"end":{"line":10,"column":25}},"type":"if","locations":[{"start":{"line":9,"column":6},"end":{"line":10,"column":25}},{"start":{"line":10,"column":11},"end":{"line":10,"column":25}}],"line":9},"2":{"loc":{"start":{"line":14,"column":18},"end":{"line":14,"column":29}},"type":"default-arg","locations":[{"start":{"line":14,"column":27},"end":{"line":14,"column":29}}],"line":14},"3":{"loc":{"start":{"line":17,"column":6},"end":{"line":18,"column":24}},"type":"if","locations":[{"start":{"line":17,"column":6},"end":{"line":18,"column":24}},{"start":{"line":18,"column":11},"end":{"line":18,"column":24}}],"line":17},"4":{"loc":{"start":{"line":22,"column":18},"end":{"line":22,"column":29}},"type":"default-arg","locations":[{"start":{"line":22,"column":27},"end":{"line":22,"column":29}}],"line":22},"5":{"loc":{"start":{"line":25,"column":6},"end":{"line":26,"column":25}},"type":"if","locations":[{"start":{"line":25,"column":6},"end":{"line":26,"column":25}},{"start":{"line":26,"column":11},"end":{"line":26,"column":25}}],"line":25},"6":{"loc":{"start":{"line":37,"column":4},"end":{"line":37,"column":67}},"type":"if","locations":[{"start":{"line":37,"column":4},"end":{"line":37,"column":67}},{"start":{},"end":{}}],"line":37},"7":{"loc":{"start":{"line":40,"column":49},"end":{"line":40,"column":68}},"type":"binary-expr","locations":[{"start":{"line":40,"column":49},"end":{"line":40,"column":60}},{"start":{"line":40,"column":64},"end":{"line":40,"column":68}}],"line":40},"8":{"loc":{"start":{"line":40,"column":70},"end":{"line":40,"column":87}},"type":"cond-expr","locations":[{"start":{"line":40,"column":82},"end":{"line":40,"column":83}},{"start":{"line":40,"column":86},"end":{"line":40,"column":87}}],"line":40},"9":{"loc":{"start":{"line":46,"column":4},"end":{"line":46,"column":67}},"type":"if","locations":[{"start":{"line":46,"column":4},"end":{"line":46,"column":67}},{"start":{},"end":{}}],"line":46},"10":{"loc":{"start":{"line":49,"column":49},"end":{"line":49,"column":68}},"type":"binary-expr","locations":[{"start":{"line":49,"column":49},"end":{"line":49,"column":60}},{"start":{"line":49,"column":64},"end":{"line":49,"column":68}}],"line":49},"11":{"loc":{"start":{"line":49,"column":70},"end":{"line":49,"column":87}},"type":"cond-expr","locations":[{"start":{"line":49,"column":82},"end":{"line":49,"column":83}},{"start":{"line":49,"column":86},"end":{"line":49,"column":87}}],"line":49}},"s":{"0":6,"1":5,"2":5,"3":5,"4":0,"5":5,"6":6,"7":6,"8":6,"9":0,"10":6,"11":2,"12":2,"13":2,"14":0,"15":2,"16":6,"17":2,"18":4,"19":1,"20":1,"21":1,"22":1,"23":1,"24":1,"25":1,"26":1,"27":1,"28":6},"f":{"0":5,"1":5,"2":5,"3":6,"4":6,"5":6,"6":2,"7":2,"8":2,"9":2,"10":4,"11":1,"12":1,"13":1},"b":{"0":[2],"1":[0,5],"2":[0],"3":[0,6],"4":[2],"5":[0,2],"6":[1,0],"7":[1,1],"8":[1,0],"9":[1,0],"10":[1,1],"11":[1,0]},"_coverageSchema":"1a1c01bbd47fc00a2c39e90264f33305004495a9","hash":"6a91f48c41abcc9973b9361d12f4849c6f683738"}
,"C:\\Users\\sthep\\Documents\\GitHub\\Projeto-PI-4\\comanda-plus\\backend\\src\\models\\cartModel.js": {"path":"C:\\Users\\sthep\\Documents\\GitHub\\Projeto-PI-4\\comanda-plus\\backend\\src\\models\\cartModel.js","statementMap":{"0":{"start":{"line":4,"column":11},"end":{"line":4,"column":40}},"1":{"start":{"line":7,"column":2},"end":{"line":12,"column":5}},"2":{"start":{"line":8,"column":4},"end":{"line":11,"column":7}},"3":{"start":{"line":9,"column":6},"end":{"line":10,"column":25}},"4":{"start":{"line":9,"column":15},"end":{"line":9,"column":27}},"5":{"start":{"line":10,"column":11},"end":{"line":10,"column":25}},"6":{"start":{"line":15,"column":2},"end":{"line":20,"column":5}},"7":{"start":{"line":16,"column":4},"end":{"line":19,"column":7}},"8":{"start":{"line":17,"column":6},"end":{"line":18,"column":24}},"9":{"start":{"line":17,"column":15},"end":{"line":17,"column":27}},"10":{"start":{"line":18,"column":11},"end":{"line":18,"column":24}},"11":{"start":{"line":23,"column":2},"end":{"line":28,"column":5}},"12":{"start":{"line":24,"column":4},"end":{"line":27,"column":7}},"13":{"start":{"line":25,"column":6},"end":{"line":26,"column":25}},"14":{"start":{"line":25,"column":15},"end":{"line":25,"column":27}},"15":{"start":{"line":26,"column":11},"end":{"line":26,"column":25}},"16":{"start":{"line":31,"column":17},"end":{"line":36,"column":1}},"17":{"start":{"line":38,"column":18},"end":{"line":68,"column":1}},"18":{"start":{"line":39,"column":16},"end":{"line":39,"column":29}},"19":{"start":{"line":41,"column":19},"end":{"line":41,"column":58}},"20":{"start":{"line":43,"column":33},"end":{"line":43,"column":92}},"21":{"start":{"line":46,"column":22},"end":{"line":46,"column":58}},"22":{"start":{"line":47,"column":4},"end":{"line":50,"column":5}},"23":{"start":{"line":48,"column":6},"end":{"line":48,"column":109}},"24":{"start":{"line":49,"column":6},"end":{"line":49,"column":68}},"25":{"start":{"line":51,"column":14},"end":{"line":51,"column":107}},"26":{"start":{"line":52,"column":4},"end":{"line":52,"column":57}},"27":{"start":{"line":56,"column":4},"end":{"line":56,"column":79}},"28":{"start":{"line":57,"column":4},"end":{"line":57,"column":51}},"29":{"start":{"line":60,"column":22},"end":{"line":60,"column":64}},"30":{"start":{"line":62,"column":19},"end":{"line":62,"column":42}},"31":{"start":{"line":65,"column":14},"end":{"line":65,"column":121}},"32":{"start":{"line":66,"column":4},"end":{"line":66,"column":24}},"33":{"start":{"line":70,"column":0},"end":{"line":70,"column":27}}},"fnMap":{"0":{"name":"run","decl":{"start":{"line":6,"column":9},"end":{"line":6,"column":12}},"loc":{"start":{"line":6,"column":31},"end":{"line":13,"column":1}},"line":6},"1":{"name":"(anonymous_1)","decl":{"start":{"line":7,"column":21},"end":{"line":7,"column":22}},"loc":{"start":{"line":7,"column":42},"end":{"line":12,"column":3}},"line":7},"2":{"name":"(anonymous_2)","decl":{"start":{"line":8,"column":24},"end":{"line":8,"column":25}},"loc":{"start":{"line":8,"column":39},"end":{"line":11,"column":5}},"line":8},"3":{"name":"get","decl":{"start":{"line":14,"column":9},"end":{"line":14,"column":12}},"loc":{"start":{"line":14,"column":31},"end":{"line":21,"column":1}},"line":14},"4":{"name":"(anonymous_4)","decl":{"start":{"line":15,"column":21},"end":{"line":15,"column":22}},"loc":{"start":{"line":15,"column":42},"end":{"line":20,"column":3}},"line":15},"5":{"name":"(anonymous_5)","decl":{"start":{"line":16,"column":24},"end":{"line":16,"column":25}},"loc":{"start":{"line":16,"column":38},"end":{"line":19,"column":5}},"line":16},"6":{"name":"all","decl":{"start":{"line":22,"column":9},"end":{"line":22,"column":12}},"loc":{"start":{"line":22,"column":31},"end":{"line":29,"column":1}},"line":22},"7":{"name":"(anonymous_7)","decl":{"start":{"line":23,"column":21},"end":{"line":23,"column":22}},"loc":{"start":{"line":23,"column":42},"end":{"line":28,"column":3}},"line":23},"8":{"name":"(anonymous_8)","decl":{"start":{"line":24,"column":24},"end":{"line":24,"column":25}},"loc":{"start":{"line":24,"column":39},"end":{"line":27,"column":5}},"line":24},"9":{"name":"(anonymous_9)","decl":{"start":{"line":39,"column":10},"end":{"line":39,"column":11}},"loc":{"start":{"line":39,"column":16},"end":{"line":39,"column":29}},"line":39},"10":{"name":"(anonymous_10)","decl":{"start":{"line":41,"column":11},"end":{"line":41,"column":12}},"loc":{"start":{"line":41,"column":19},"end":{"line":41,"column":58}},"line":41},"11":{"name":"(anonymous_11)","decl":{"start":{"line":43,"column":18},"end":{"line":43,"column":19}},"loc":{"start":{"line":43,"column":33},"end":{"line":43,"column":92}},"line":43},"12":{"name":"(anonymous_12)","decl":{"start":{"line":45,"column":2},"end":{"line":45,"column":3}},"loc":{"start":{"line":45,"column":43},"end":{"line":53,"column":3}},"line":45},"13":{"name":"(anonymous_13)","decl":{"start":{"line":55,"column":2},"end":{"line":55,"column":3}},"loc":{"start":{"line":55,"column":41},"end":{"line":58,"column":3}},"line":55},"14":{"name":"(anonymous_14)","decl":{"start":{"line":60,"column":14},"end":{"line":60,"column":15}},"loc":{"start":{"line":60,"column":22},"end":{"line":60,"column":64}},"line":60},"15":{"name":"(anonymous_15)","decl":{"start":{"line":62,"column":13},"end":{"line":62,"column":14}},"loc":{"start":{"line":62,"column":19},"end":{"line":62,"column":42}},"line":62},"16":{"name":"(anonymous_16)","decl":{"start":{"line":64,"column":2},"end":{"line":64,"column":3}},"loc":{"start":{"line":64,"column":19},"end":{"line":67,"column":3}},"line":64}},"branchMap":{"0":{"loc":{"start":{"line":6,"column":18},"end":{"line":6,"column":29}},"type":"default-arg","locations":[{"start":{"line":6,"column":27},"end":{"line":6,"column":29}}],"line":6},"1":{"loc":{"start":{"line":9,"column":6},"end":{"line":10,"column":25}},"type":"if","locations":[{"start":{"line":9,"column":6},"end":{"line":10,"column":25}},{"start":{"line":10,"column":11},"end":{"line":10,"column":25}}],"line":9},"2":{"loc":{"start":{"line":14,"column":18},"end":{"line":14,"column":29}},"type":"default-arg","locations":[{"start":{"line":14,"column":27},"end":{"line":14,"column":29}}],"line":14},"3":{"loc":{"start":{"line":17,"column":6},"end":{"line":18,"column":24}},"type":"if","locations":[{"start":{"line":17,"column":6},"end":{"line":18,"column":24}},{"start":{"line":18,"column":11},"end":{"line":18,"column":24}}],"line":17},"4":{"loc":{"start":{"line":22,"column":18},"end":{"line":22,"column":29}},"type":"default-arg","locations":[{"start":{"line":22,"column":27},"end":{"line":22,"column":29}}],"line":22},"5":{"loc":{"start":{"line":25,"column":6},"end":{"line":26,"column":25}},"type":"if","locations":[{"start":{"line":25,"column":6},"end":{"line":26,"column":25}},{"start":{"line":26,"column":11},"end":{"line":26,"column":25}}],"line":25},"6":{"loc":{"start":{"line":45,"column":27},"end":{"line":45,"column":41}},"type":"default-arg","locations":[{"start":{"line":45,"column":40},"end":{"line":45,"column":41}}],"line":45},"7":{"loc":{"start":{"line":47,"column":4},"end":{"line":50,"column":5}},"type":"if","locations":[{"start":{"line":47,"column":4},"end":{"line":50,"column":5}},{"start":{},"end":{}}],"line":47},"8":{"loc":{"start":{"line":66,"column":11},"end":{"line":66,"column":23}},"type":"binary-expr","locations":[{"start":{"line":66,"column":11},"end":{"line":66,"column":18}},{"start":{"line":66,"column":22},"end":{"line":66,"column":23}}],"line":66}},"s":{"0":6,"1":10,"2":10,"3":10,"4":0,"5":10,"6":15,"7":15,"8":15,"9":0,"10":15,"11":5,"12":5,"13":5,"14":0,"15":5,"16":6,"17":6,"18":5,"19":1,"20":5,"21":5,"22":5,"23":1,"24":1,"25":4,"26":4,"27":0,"28":0,"29":1,"30":4,"31":4,"32":4,"33":6},"f":{"0":10,"1":10,"2":10,"3":15,"4":15,"5":15,"6":5,"7":5,"8":5,"9":5,"10":1,"11":5,"12":5,"13":0,"14":1,"15":4,"16":4},"b":{"0":[4],"1":[0,10],"2":[4],"3":[0,15],"4":[5],"5":[0,5],"6":[0],"7":[1,4],"8":[4,2]},"_coverageSchema":"1a1c01bbd47fc00a2c39e90264f33305004495a9","hash":"7456fffdb6d945ab9c098f45d14e506e38e8279e"}
,"C:\\Users\\sthep\\Documents\\GitHub\\Projeto-PI-4\\comanda-plus\\backend\\src\\models\\categoryModel.js": {"path":"C:\\Users\\sthep\\Documents\\GitHub\\Projeto-PI-4\\comanda-plus\\backend\\src\\models\\categoryModel.js","statementMap":{"0":{"start":{"line":4,"column":11},"end":{"line":4,"column":40}},"1":{"start":{"line":8,"column":2},"end":{"line":13,"column":5}},"2":{"start":{"line":9,"column":4},"end":{"line":12,"column":7}},"3":{"start":{"line":10,"column":6},"end":{"line":11,"column":25}},"4":{"start":{"line":10,"column":15},"end":{"line":10,"column":27}},"5":{"start":{"line":11,"column":11},"end":{"line":11,"column":25}},"6":{"start":{"line":18,"column":2},"end":{"line":23,"column":5}},"7":{"start":{"line":19,"column":4},"end":{"line":22,"column":7}},"8":{"start":{"line":20,"column":6},"end":{"line":21,"column":24}},"9":{"start":{"line":20,"column":15},"end":{"line":20,"column":27}},"10":{"start":{"line":21,"column":11},"end":{"line":21,"column":24}},"11":{"start":{"line":28,"column":2},"end":{"line":33,"column":5}},"12":{"start":{"line":29,"column":4},"end":{"line":32,"column":7}},"13":{"start":{"line":30,"column":6},"end":{"line":31,"column":25}},"14":{"start":{"line":30,"column":15},"end":{"line":30,"column":27}},"15":{"start":{"line":31,"column":11},"end":{"line":31,"column":25}},"16":{"start":{"line":36,"column":22},"end":{"line":52,"column":1}},"17":{"start":{"line":37,"column":16},"end":{"line":37,"column":65}},"18":{"start":{"line":39,"column":19},"end":{"line":39,"column":69}},"19":{"start":{"line":42,"column":14},"end":{"line":42,"column":100}},"20":{"start":{"line":43,"column":4},"end":{"line":43,"column":68}},"21":{"start":{"line":47,"column":4},"end":{"line":47,"column":99}},"22":{"start":{"line":48,"column":4},"end":{"line":48,"column":62}},"23":{"start":{"line":51,"column":18},"end":{"line":51,"column":66}},"24":{"start":{"line":54,"column":0},"end":{"line":54,"column":31}}},"fnMap":{"0":{"name":"run","decl":{"start":{"line":7,"column":9},"end":{"line":7,"column":12}},"loc":{"start":{"line":7,"column":31},"end":{"line":14,"column":1}},"line":7},"1":{"name":"(anonymous_1)","decl":{"start":{"line":8,"column":21},"end":{"line":8,"column":22}},"loc":{"start":{"line":8,"column":42},"end":{"line":13,"column":3}},"line":8},"2":{"name":"(anonymous_2)","decl":{"start":{"line":9,"column":24},"end":{"line":9,"column":25}},"loc":{"start":{"line":9,"column":39},"end":{"line":12,"column":5}},"line":9},"3":{"name":"get","decl":{"start":{"line":17,"column":9},"end":{"line":17,"column":12}},"loc":{"start":{"line":17,"column":31},"end":{"line":24,"column":1}},"line":17},"4":{"name":"(anonymous_4)","decl":{"start":{"line":18,"column":21},"end":{"line":18,"column":22}},"loc":{"start":{"line":18,"column":42},"end":{"line":23,"column":3}},"line":18},"5":{"name":"(anonymous_5)","decl":{"start":{"line":19,"column":24},"end":{"line":19,"column":25}},"loc":{"start":{"line":19,"column":38},"end":{"line":22,"column":5}},"line":19},"6":{"name":"all","decl":{"start":{"line":27,"column":9},"end":{"line":27,"column":12}},"loc":{"start":{"line":27,"column":31},"end":{"line":34,"column":1}},"line":27},"7":{"name":"(anonymous_7)","decl":{"start":{"line":28,"column":21},"end":{"line":28,"column":22}},"loc":{"start":{"line":28,"column":42},"end":{"line":33,"column":3}},"line":28},"8":{"name":"(anonymous_8)","decl":{"start":{"line":29,"column":24},"end":{"line":29,"column":25}},"loc":{"start":{"line":29,"column":39},"end":{"line":32,"column":5}},"line":29},"9":{"name":"(anonymous_9)","decl":{"start":{"line":37,"column":10},"end":{"line":37,"column":11}},"loc":{"start":{"line":37,"column":16},"end":{"line":37,"column":65}},"line":37},"10":{"name":"(anonymous_10)","decl":{"start":{"line":39,"column":11},"end":{"line":39,"column":12}},"loc":{"start":{"line":39,"column":19},"end":{"line":39,"column":69}},"line":39},"11":{"name":"(anonymous_11)","decl":{"start":{"line":41,"column":2},"end":{"line":41,"column":3}},"loc":{"start":{"line":41,"column":32},"end":{"line":44,"column":3}},"line":41},"12":{"name":"(anonymous_12)","decl":{"start":{"line":46,"column":2},"end":{"line":46,"column":3}},"loc":{"start":{"line":46,"column":36},"end":{"line":49,"column":3}},"line":46},"13":{"name":"(anonymous_13)","decl":{"start":{"line":51,"column":10},"end":{"line":51,"column":11}},"loc":{"start":{"line":51,"column":18},"end":{"line":51,"column":66}},"line":51}},"branchMap":{"0":{"loc":{"start":{"line":7,"column":18},"end":{"line":7,"column":29}},"type":"default-arg","locations":[{"start":{"line":7,"column":27},"end":{"line":7,"column":29}}],"line":7},"1":{"loc":{"start":{"line":10,"column":6},"end":{"line":11,"column":25}},"type":"if","locations":[{"start":{"line":10,"column":6},"end":{"line":11,"column":25}},{"start":{"line":11,"column":11},"end":{"line":11,"column":25}}],"line":10},"2":{"loc":{"start":{"line":17,"column":18},"end":{"line":17,"column":29}},"type":"default-arg","locations":[{"start":{"line":17,"column":27},"end":{"line":17,"column":29}}],"line":17},"3":{"loc":{"start":{"line":20,"column":6},"end":{"line":21,"column":24}},"type":"if","locations":[{"start":{"line":20,"column":6},"end":{"line":21,"column":24}},{"start":{"line":21,"column":11},"end":{"line":21,"column":24}}],"line":20},"4":{"loc":{"start":{"line":27,"column":18},"end":{"line":27,"column":29}},"type":"default-arg","locations":[{"start":{"line":27,"column":27},"end":{"line":27,"column":29}}],"line":27},"5":{"loc":{"start":{"line":30,"column":6},"end":{"line":31,"column":25}},"type":"if","locations":[{"start":{"line":30,"column":6},"end":{"line":31,"column":25}},{"start":{"line":31,"column":11},"end":{"line":31,"column":25}}],"line":30},"6":{"loc":{"start":{"line":42,"column":85},"end":{"line":42,"column":98}},"type":"binary-expr","locations":[{"start":{"line":42,"column":85},"end":{"line":42,"column":90}},{"start":{"line":42,"column":94},"end":{"line":42,"column":98}}],"line":42},"7":{"loc":{"start":{"line":47,"column":79},"end":{"line":47,"column":92}},"type":"binary-expr","locations":[{"start":{"line":47,"column":79},"end":{"line":47,"column":84}},{"start":{"line":47,"column":88},"end":{"line":47,"column":92}}],"line":47}},"s":{"0":6,"1":3,"2":3,"3":3,"4":0,"5":3,"6":9,"7":9,"8":9,"9":0,"10":9,"11":1,"12":1,"13":1,"14":0,"15":1,"16":6,"17":1,"18":7,"19":1,"20":1,"21":1,"22":1,"23":1,"24":6},"f":{"0":3,"1":3,"2":3,"3":9,"4":9,"5":9,"6":1,"7":1,"8":1,"9":1,"10":7,"11":1,"12":1,"13":1},"b":{"0":[0],"1":[0,3],"2":[0],"3":[0,9],"4":[1],"5":[0,1],"6":[1,0],"7":[1,1]},"_coverageSchema":"1a1c01bbd47fc00a2c39e90264f33305004495a9","hash":"f2c0812bdd6aec3545525e1a142c4e29421bdea1"}
,"C:\\Users\\sthep\\Documents\\GitHub\\Projeto-PI-4\\comanda-plus\\backend\\src\\models\\orderModel.js": {"path":"C:\\Users\\sthep\\Documents\\GitHub\\Projeto-PI-4\\comanda-plus\\backend\\src\\models\\orderModel.js","statementMap":{"0":{"start":{"line":4,"column":11},"end":{"line":4,"column":40}},"1":{"start":{"line":7,"column":2},"end":{"line":12,"column":5}},"2":{"start":{"line":8,"column":4},"end":{"line":11,"column":7}},"3":{"start":{"line":9,"column":6},"end":{"line":10,"column":25}},"4":{"start":{"line":9,"column":15},"end":{"line":9,"column":27}},"5":{"start":{"line":10,"column":11},"end":{"line":10,"column":25}},"6":{"start":{"line":15,"column":2},"end":{"line":20,"column":5}},"7":{"start":{"line":16,"column":4},"end":{"line":19,"column":7}},"8":{"start":{"line":17,"column":6},"end":{"line":18,"column":24}},"9":{"start":{"line":17,"column":15},"end":{"line":17,"column":27}},"10":{"start":{"line":18,"column":11},"end":{"line":18,"column":24}},"11":{"start":{"line":23,"column":2},"end":{"line":28,"column":5}},"12":{"start":{"line":24,"column":4},"end":{"line":27,"column":7}},"13":{"start":{"line":25,"column":6},"end":{"line":26,"column":25}},"14":{"start":{"line":25,"column":15},"end":{"line":25,"column":27}},"15":{"start":{"line":26,"column":11},"end":{"line":26,"column":25}},"16":{"start":{"line":31,"column":19},"end":{"line":87,"column":1}},"17":{"start":{"line":32,"column":16},"end":{"line":37,"column":4}},"18":{"start":{"line":40,"column":19},"end":{"line":45,"column":12}},"19":{"start":{"line":47,"column":4},"end":{"line":47,"column":29}},"20":{"start":{"line":47,"column":17},"end":{"line":47,"column":29}},"21":{"start":{"line":49,"column":4},"end":{"line":54,"column":13}},"22":{"start":{"line":56,"column":4},"end":{"line":56,"column":18}},"23":{"start":{"line":61,"column":14},"end":{"line":64,"column":5}},"24":{"start":{"line":65,"column":20},"end":{"line":65,"column":28}},"25":{"start":{"line":68,"column":4},"end":{"line":73,"column":5}},"26":{"start":{"line":69,"column":6},"end":{"line":72,"column":8}},"27":{"start":{"line":75,"column":4},"end":{"line":75,"column":33}},"28":{"start":{"line":79,"column":4},"end":{"line":79,"column":73}},"29":{"start":{"line":80,"column":4},"end":{"line":80,"column":28}},"30":{"start":{"line":84,"column":4},"end":{"line":84,"column":66}},"31":{"start":{"line":85,"column":4},"end":{"line":85,"column":56}},"32":{"start":{"line":89,"column":0},"end":{"line":89,"column":28}}},"fnMap":{"0":{"name":"run","decl":{"start":{"line":6,"column":9},"end":{"line":6,"column":12}},"loc":{"start":{"line":6,"column":31},"end":{"line":13,"column":1}},"line":6},"1":{"name":"(anonymous_1)","decl":{"start":{"line":7,"column":21},"end":{"line":7,"column":22}},"loc":{"start":{"line":7,"column":42},"end":{"line":12,"column":3}},"line":7},"2":{"name":"(anonymous_2)","decl":{"start":{"line":8,"column":24},"end":{"line":8,"column":25}},"loc":{"start":{"line":8,"column":39},"end":{"line":11,"column":5}},"line":8},"3":{"name":"get","decl":{"start":{"line":14,"column":9},"end":{"line":14,"column":12}},"loc":{"start":{"line":14,"column":31},"end":{"line":21,"column":1}},"line":14},"4":{"name":"(anonymous_4)","decl":{"start":{"line":15,"column":21},"end":{"line":15,"column":22}},"loc":{"start":{"line":15,"column":42},"end":{"line":20,"column":3}},"line":15},"5":{"name":"(anonymous_5)","decl":{"start":{"line":16,"column":24},"end":{"line":16,"column":25}},"loc":{"start":{"line":16,"column":38},"end":{"line":19,"column":5}},"line":16},"6":{"name":"all","decl":{"start":{"line":22,"column":9},"end":{"line":22,"column":12}},"loc":{"start":{"line":22,"column":31},"end":{"line":29,"column":1}},"line":22},"7":{"name":"(anonymous_7)","decl":{"start":{"line":23,"column":21},"end":{"line":23,"column":22}},"loc":{"start":{"line":23,"column":42},"end":{"line":28,"column":3}},"line":23},"8":{"name":"(anonymous_8)","decl":{"start":{"line":24,"column":24},"end":{"line":24,"column":25}},"loc":{"start":{"line":24,"column":39},"end":{"line":27,"column":5}},"line":24},"9":{"name":"(anonymous_9)","decl":{"start":{"line":32,"column":10},"end":{"line":32,"column":11}},"loc":{"start":{"line":32,"column":16},"end":{"line":37,"column":4}},"line":32},"10":{"name":"(anonymous_10)","decl":{"start":{"line":39,"column":2},"end":{"line":39,"column":3}},"loc":{"start":{"line":39,"column":20},"end":{"line":57,"column":3}},"line":39},"11":{"name":"(anonymous_11)","decl":{"start":{"line":59,"column":2},"end":{"line":59,"column":3}},"loc":{"start":{"line":59,"column":57},"end":{"line":76,"column":3}},"line":59},"12":{"name":"(anonymous_12)","decl":{"start":{"line":78,"column":2},"end":{"line":78,"column":3}},"loc":{"start":{"line":78,"column":33},"end":{"line":81,"column":3}},"line":78},"13":{"name":"(anonymous_13)","decl":{"start":{"line":83,"column":2},"end":{"line":83,"column":3}},"loc":{"start":{"line":83,"column":19},"end":{"line":86,"column":3}},"line":83}},"branchMap":{"0":{"loc":{"start":{"line":6,"column":18},"end":{"line":6,"column":29}},"type":"default-arg","locations":[{"start":{"line":6,"column":27},"end":{"line":6,"column":29}}],"line":6},"1":{"loc":{"start":{"line":9,"column":6},"end":{"line":10,"column":25}},"type":"if","locations":[{"start":{"line":9,"column":6},"end":{"line":10,"column":25}},{"start":{"line":10,"column":11},"end":{"line":10,"column":25}}],"line":9},"2":{"loc":{"start":{"line":14,"column":18},"end":{"line":14,"column":29}},"type":"default-arg","locations":[{"start":{"line":14,"column":27},"end":{"line":14,"column":29}}],"line":14},"3":{"loc":{"start":{"line":17,"column":6},"end":{"line":18,"column":24}},"type":"if","locations":[{"start":{"line":17,"column":6},"end":{"line":18,"column":24}},{"start":{"line":18,"column":11},"end":{"line":18,"column":24}}],"line":17},"4":{"loc":{"start":{"line":22,"column":18},"end":{"line":22,"column":29}},"type":"default-arg","locations":[{"start":{"line":22,"column":27},"end":{"line":22,"column":29}}],"line":22},"5":{"loc":{"start":{"line":25,"column":6},"end":{"line":26,"column":25}},"type":"if","locations":[{"start":{"line":25,"column":6},"end":{"line":26,"column":25}},{"start":{"line":26,"column":11},"end":{"line":26,"column":25}}],"line":25},"6":{"loc":{"start":{"line":47,"column":4},"end":{"line":47,"column":29}},"type":"if","locations":[{"start":{"line":47,"column":4},"end":{"line":47,"column":29}},{"start":{},"end":{}}],"line":47},"7":{"loc":{"start":{"line":63,"column":14},"end":{"line":63,"column":32}},"type":"binary-expr","locations":[{"start":{"line":63,"column":14},"end":{"line":63,"column":24}},{"start":{"line":63,"column":28},"end":{"line":63,"column":32}}],"line":63},"8":{"loc":{"start":{"line":63,"column":34},"end":{"line":63,"column":52}},"type":"binary-expr","locations":[{"start":{"line":63,"column":34},"end":{"line":63,"column":44}},{"start":{"line":63,"column":48},"end":{"line":63,"column":52}}],"line":63}},"s":{"0":6,"1":5,"2":5,"3":5,"4":0,"5":5,"6":5,"7":5,"8":5,"9":0,"10":5,"11":7,"12":7,"13":7,"14":0,"15":7,"16":6,"17":2,"18":5,"19":5,"20":0,"21":5,"22":5,"23":2,"24":2,"25":2,"26":2,"27":2,"28":1,"29":1,"30":0,"31":0,"32":6},"f":{"0":5,"1":5,"2":5,"3":5,"4":5,"5":5,"6":7,"7":7,"8":7,"9":2,"10":5,"11":2,"12":1,"13":0},"b":{"0":[0],"1":[0,5],"2":[0],"3":[0,5],"4":[2],"5":[0,7],"6":[0,5],"7":[2,0],"8":[2,1]},"_coverageSchema":"1a1c01bbd47fc00a2c39e90264f33305004495a9","hash":"f1af325bfbe8577ea676793561222b6da985cff2"}
,"C:\\Users\\sthep\\Documents\\GitHub\\Projeto-PI-4\\comanda-plus\\backend\\src\\models\\productModel.js": {"path":"C:\\Users\\sthep\\Documents\\GitHub\\Projeto-PI-4\\comanda-plus\\backend\\src\\models\\productModel.js","statementMap":{"0":{"start":{"line":4,"column":11},"end":{"line":4,"column":40}},"1":{"start":{"line":7,"column":2},"end":{"line":12,"column":5}},"2":{"start":{"line":8,"column":4},"end":{"line":11,"column":7}},"3":{"start":{"line":9,"column":6},"end":{"line":10,"column":25}},"4":{"start":{"line":9,"column":15},"end":{"line":9,"column":27}},"5":{"start":{"line":10,"column":11},"end":{"line":10,"column":25}},"6":{"start":{"line":15,"column":2},"end":{"line":20,"column":5}},"7":{"start":{"line":16,"column":4},"end":{"line":19,"column":7}},"8":{"start":{"line":17,"column":6},"end":{"line":18,"column":24}},"9":{"start":{"line":17,"column":15},"end":{"line":17,"column":27}},"10":{"start":{"line":18,"column":11},"end":{"line":18,"column":24}},"11":{"start":{"line":23,"column":2},"end":{"line":28,"column":5}},"12":{"start":{"line":24,"column":4},"end":{"line":27,"column":7}},"13":{"start":{"line":25,"column":6},"end":{"line":26,"column":25}},"14":{"start":{"line":25,"column":15},"end":{"line":25,"column":27}},"15":{"start":{"line":26,"column":11},"end":{"line":26,"column":25}},"16":{"start":{"line":31,"column":19},"end":{"line":35,"column":1}},"17":{"start":{"line":37,"column":21},"end":{"line":62,"column":1}},"18":{"start":{"line":38,"column":16},"end":{"line":38,"column":79}},"19":{"start":{"line":41,"column":4},"end":{"line":41,"column":103}},"20":{"start":{"line":43,"column":19},"end":{"line":43,"column":60}},"21":{"start":{"line":46,"column":14},"end":{"line":49,"column":5}},"22":{"start":{"line":50,"column":4},"end":{"line":50,"column":59}},"23":{"start":{"line":54,"column":4},"end":{"line":57,"column":6}},"24":{"start":{"line":58,"column":4},"end":{"line":58,"column":53}},"25":{"start":{"line":61,"column":18},"end":{"line":61,"column":64}},"26":{"start":{"line":64,"column":0},"end":{"line":64,"column":30}}},"fnMap":{"0":{"name":"run","decl":{"start":{"line":6,"column":9},"end":{"line":6,"column":12}},"loc":{"start":{"line":6,"column":31},"end":{"line":13,"column":1}},"line":6},"1":{"name":"(anonymous_1)","decl":{"start":{"line":7,"column":21},"end":{"line":7,"column":22}},"loc":{"start":{"line":7,"column":42},"end":{"line":12,"column":3}},"line":7},"2":{"name":"(anonymous_2)","decl":{"start":{"line":8,"column":24},"end":{"line":8,"column":25}},"loc":{"start":{"line":8,"column":39},"end":{"line":11,"column":5}},"line":8},"3":{"name":"get","decl":{"start":{"line":14,"column":9},"end":{"line":14,"column":12}},"loc":{"start":{"line":14,"column":31},"end":{"line":21,"column":1}},"line":14},"4":{"name":"(anonymous_4)","decl":{"start":{"line":15,"column":21},"end":{"line":15,"column":22}},"loc":{"start":{"line":15,"column":42},"end":{"line":20,"column":3}},"line":15},"5":{"name":"(anonymous_5)","decl":{"start":{"line":16,"column":24},"end":{"line":16,"column":25}},"loc":{"start":{"line":16,"column":38},"end":{"line":19,"column":5}},"line":16},"6":{"name":"all","decl":{"start":{"line":22,"column":9},"end":{"line":22,"column":12}},"loc":{"start":{"line":22,"column":31},"end":{"line":29,"column":1}},"line":22},"7":{"name":"(anonymous_7)","decl":{"start":{"line":23,"column":21},"end":{"line":23,"column":22}},"loc":{"start":{"line":23,"column":42},"end":{"line":28,"column":3}},"line":23},"8":{"name":"(anonymous_8)","decl":{"start":{"line":24,"column":24},"end":{"line":24,"column":25}},"loc":{"start":{"line":24,"column":39},"end":{"line":27,"column":5}},"line":24},"9":{"name":"(anonymous_9)","decl":{"start":{"line":38,"column":10},"end":{"line":38,"column":11}},"loc":{"start":{"line":38,"column":16},"end":{"line":38,"column":79}},"line":38},"10":{"name":"(anonymous_10)","decl":{"start":{"line":40,"column":17},"end":{"line":40,"column":18}},"loc":{"start":{"line":41,"column":4},"end":{"line":41,"column":103}},"line":41},"11":{"name":"(anonymous_11)","decl":{"start":{"line":43,"column":11},"end":{"line":43,"column":12}},"loc":{"start":{"line":43,"column":19},"end":{"line":43,"column":60}},"line":43},"12":{"name":"(anonymous_12)","decl":{"start":{"line":45,"column":2},"end":{"line":45,"column":3}},"loc":{"start":{"line":45,"column":75},"end":{"line":51,"column":3}},"line":45},"13":{"name":"(anonymous_13)","decl":{"start":{"line":53,"column":2},"end":{"line":53,"column":3}},"loc":{"start":{"line":53,"column":91},"end":{"line":59,"column":3}},"line":53},"14":{"name":"(anonymous_14)","decl":{"start":{"line":61,"column":10},"end":{"line":61,"column":11}},"loc":{"start":{"line":61,"column":18},"end":{"line":61,"column":64}},"line":61}},"branchMap":{"0":{"loc":{"start":{"line":6,"column":18},"end":{"line":6,"column":29}},"type":"default-arg","locations":[{"start":{"line":6,"column":27},"end":{"line":6,"column":29}}],"line":6},"1":{"loc":{"start":{"line":9,"column":6},"end":{"line":10,"column":25}},"type":"if","locations":[{"start":{"line":9,"column":6},"end":{"line":10,"column":25}},{"start":{"line":10,"column":11},"end":{"line":10,"column":25}}],"line":9},"2":{"loc":{"start":{"line":14,"column":18},"end":{"line":14,"column":29}},"type":"default-arg","locations":[{"start":{"line":14,"column":27},"end":{"line":14,"column":29}}],"line":14},"3":{"loc":{"start":{"line":17,"column":6},"end":{"line":18,"column":24}},"type":"if","locations":[{"start":{"line":17,"column":6},"end":{"line":18,"column":24}},{"start":{"line":18,"column":11},"end":{"line":18,"column":24}}],"line":17},"4":{"loc":{"start":{"line":22,"column":18},"end":{"line":22,"column":29}},"type":"default-arg","locations":[{"start":{"line":22,"column":27},"end":{"line":22,"column":29}}],"line":22},"5":{"loc":{"start":{"line":25,"column":6},"end":{"line":26,"column":25}},"type":"if","locations":[{"start":{"line":25,"column":6},"end":{"line":26,"column":25}},{"start":{"line":26,"column":11},"end":{"line":26,"column":25}}],"line":25},"6":{"loc":{"start":{"line":48,"column":13},"end":{"line":48,"column":30}},"type":"binary-expr","locations":[{"start":{"line":48,"column":13},"end":{"line":48,"column":22}},{"start":{"line":48,"column":26},"end":{"line":48,"column":30}}],"line":48},"7":{"loc":{"start":{"line":48,"column":39},"end":{"line":48,"column":53}},"type":"binary-expr","locations":[{"start":{"line":48,"column":39},"end":{"line":48,"column":45}},{"start":{"line":48,"column":49},"end":{"line":48,"column":53}}],"line":48},"8":{"loc":{"start":{"line":48,"column":55},"end":{"line":48,"column":69}},"type":"binary-expr","locations":[{"start":{"line":48,"column":55},"end":{"line":48,"column":64}},{"start":{"line":48,"column":68},"end":{"line":48,"column":69}}],"line":48},"9":{"loc":{"start":{"line":48,"column":71},"end":{"line":48,"column":90}},"type":"binary-expr","locations":[{"start":{"line":48,"column":71},"end":{"line":48,"column":82}},{"start":{"line":48,"column":86},"end":{"line":48,"column":90}}],"line":48},"10":{"loc":{"start":{"line":56,"column":13},"end":{"line":56,"column":30}},"type":"binary-expr","locations":[{"start":{"line":56,"column":13},"end":{"line":56,"column":22}},{"start":{"line":56,"column":26},"end":{"line":56,"column":30}}],"line":56},"11":{"loc":{"start":{"line":56,"column":39},"end":{"line":56,"column":53}},"type":"binary-expr","locations":[{"start":{"line":56,"column":39},"end":{"line":56,"column":45}},{"start":{"line":56,"column":49},"end":{"line":56,"column":53}}],"line":56},"12":{"loc":{"start":{"line":56,"column":55},"end":{"line":56,"column":69}},"type":"binary-expr","locations":[{"start":{"line":56,"column":55},"end":{"line":56,"column":64}},{"start":{"line":56,"column":68},"end":{"line":56,"column":69}}],"line":56},"13":{"loc":{"start":{"line":56,"column":71},"end":{"line":56,"column":90}},"type":"binary-expr","locations":[{"start":{"line":56,"column":71},"end":{"line":56,"column":82}},{"start":{"line":56,"column":86},"end":{"line":56,"column":90}}],"line":56},"14":{"loc":{"start":{"line":56,"column":92},"end":{"line":56,"column":107}},"type":"binary-expr","locations":[{"start":{"line":56,"column":92},"end":{"line":56,"column":102}},{"start":{"line":56,"column":106},"end":{"line":56,"column":107}}],"line":56}},"s":{"0":6,"1":3,"2":3,"3":3,"4":0,"5":3,"6":14,"7":14,"8":14,"9":0,"10":14,"11":2,"12":2,"13":2,"14":0,"15":2,"16":6,"17":6,"18":1,"19":1,"20":12,"21":1,"22":1,"23":1,"24":1,"25":1,"26":6},"f":{"0":3,"1":3,"2":3,"3":14,"4":14,"5":14,"6":2,"7":2,"8":2,"9":1,"10":1,"11":12,"12":1,"13":1,"14":1},"b":{"0":[0],"1":[0,3],"2":[0],"3":[0,14],"4":[1],"5":[0,2],"6":[1,0],"7":[1,1],"8":[1,1],"9":[1,0],"10":[1,1],"11":[1,1],"12":[1,1],"13":[1,1],"14":[1,1]},"_coverageSchema":"1a1c01bbd47fc00a2c39e90264f33305004495a9","hash":"19470a00de8d340fc06bbf515d9e19eba6ed0f63"}
,"C:\\Users\\sthep\\Documents\\GitHub\\Projeto-PI-4\\comanda-plus\\backend\\src\\routes\\addressRoutes.js": {"path":"C:\\Users\\sthep\\Documents\\GitHub\\Projeto-PI-4\\comanda-plus\\backend\\src\\routes\\addressRoutes.js","statementMap":{"0":{"start":{"line":2,"column":16},"end":{"line":2,"column":34}},"1":{"start":{"line":3,"column":26},"end":{"line":3,"column":69}},"2":{"start":{"line":4,"column":29},"end":{"line":4,"column":53}},"3":{"start":{"line":5,"column":35},"end":{"line":5,"column":81}},"4":{"start":{"line":7,"column":15},"end":{"line":7,"column":31}},"5":{"start":{"line":9,"column":0},"end":{"line":9,"column":42}},"6":{"start":{"line":10,"column":0},"end":{"line":10,"column":46}},"7":{"start":{"line":11,"column":0},"end":{"line":11,"column":85}},"8":{"start":{"line":12,"column":0},"end":{"line":12,"column":45}},"9":{"start":{"line":13,"column":0},"end":{"line":13,"column":48}},"10":{"start":{"line":15,"column":0},"end":{"line":15,"column":24}}},"fnMap":{},"branchMap":{},"s":{"0":6,"1":6,"2":6,"3":6,"4":6,"5":6,"6":6,"7":6,"8":6,"9":6,"10":6},"f":{},"b":{},"_coverageSchema":"1a1c01bbd47fc00a2c39e90264f33305004495a9","hash":"c38a375d99c8b7c737cd6aae9c0e5aea80bdf7db"}
,"C:\\Users\\sthep\\Documents\\GitHub\\Projeto-PI-4\\comanda-plus\\backend\\src\\routes\\cartRoutes.js": {"path":"C:\\Users\\sthep\\Documents\\GitHub\\Projeto-PI-4\\comanda-plus\\backend\\src\\routes\\cartRoutes.js","statementMap":{"0":{"start":{"line":2,"column":16},"end":{"line":2,"column":34}},"1":{"start":{"line":3,"column":23},"end":{"line":3,"column":63}},"2":{"start":{"line":4,"column":50},"end":{"line":4,"column":74}},"3":{"start":{"line":5,"column":35},"end":{"line":5,"column":81}},"4":{"start":{"line":7,"column":15},"end":{"line":7,"column":31}},"5":{"start":{"line":10,"column":0},"end":{"line":10,"column":39}},"6":{"start":{"line":13,"column":0},"end":{"line":13,"column":83}},"7":{"start":{"line":16,"column":0},"end":{"line":16,"column":91}},"8":{"start":{"line":19,"column":0},"end":{"line":19,"column":50}},"9":{"start":{"line":22,"column":0},"end":{"line":22,"column":49}},"10":{"start":{"line":24,"column":0},"end":{"line":24,"column":24}}},"fnMap":{},"branchMap":{},"s":{"0":6,"1":6,"2":6,"3":6,"4":6,"5":6,"6":6,"7":6,"8":6,"9":6,"10":6},"f":{},"b":{},"_coverageSchema":"1a1c01bbd47fc00a2c39e90264f33305004495a9","hash":"6ecc2eddb27a88e3e8ec72228b4351494df9d60f"}
,"C:\\Users\\sthep\\Documents\\GitHub\\Projeto-PI-4\\comanda-plus\\backend\\src\\routes\\categoryRoutes.js": {"path":"C:\\Users\\sthep\\Documents\\GitHub\\Projeto-PI-4\\comanda-plus\\backend\\src\\routes\\categoryRoutes.js","statementMap":{"0":{"start":{"line":2,"column":16},"end":{"line":2,"column":34}},"1":{"start":{"line":3,"column":27},"end":{"line":3,"column":71}},"2":{"start":{"line":4,"column":30},"end":{"line":4,"column":54}},"3":{"start":{"line":5,"column":35},"end":{"line":5,"column":81}},"4":{"start":{"line":7,"column":15},"end":{"line":7,"column":31}},"5":{"start":{"line":9,"column":0},"end":{"line":9,"column":43}},"6":{"start":{"line":10,"column":0},"end":{"line":10,"column":47}},"7":{"start":{"line":11,"column":0},"end":{"line":11,"column":87}},"8":{"start":{"line":12,"column":0},"end":{"line":12,"column":89}},"9":{"start":{"line":13,"column":0},"end":{"line":13,"column":49}},"10":{"start":{"line":15,"column":0},"end":{"line":15,"column":24}}},"fnMap":{},"branchMap":{},"s":{"0":6,"1":6,"2":6,"3":6,"4":6,"5":6,"6":6,"7":6,"8":6,"9":6,"10":6},"f":{},"b":{},"_coverageSchema":"1a1c01bbd47fc00a2c39e90264f33305004495a9","hash":"c4b1b0bbc6911cc6748ff49d24aae9c59a4a79ca"}
,"C:\\Users\\sthep\\Documents\\GitHub\\Projeto-PI-4\\comanda-plus\\backend\\src\\routes\\index.js": {"path":"C:\\Users\\sthep\\Documents\\GitHub\\Projeto-PI-4\\comanda-plus\\backend\\src\\routes\\index.js","statementMap":{"0":{"start":{"line":4,"column":16},"end":{"line":4,"column":34}},"1":{"start":{"line":5,"column":22},"end":{"line":5,"column":48}},"2":{"start":{"line":6,"column":23},"end":{"line":6,"column":50}},"3":{"start":{"line":7,"column":19},"end":{"line":7,"column":42}},"4":{"start":{"line":8,"column":20},"end":{"line":8,"column":44}},"5":{"start":{"line":9,"column":22},"end":{"line":9,"column":48}},"6":{"start":{"line":11,"column":15},"end":{"line":11,"column":31}},"7":{"start":{"line":14,"column":0},"end":{"line":21,"column":3}},"8":{"start":{"line":15,"column":2},"end":{"line":20,"column":5}},"9":{"start":{"line":24,"column":0},"end":{"line":24,"column":39}},"10":{"start":{"line":25,"column":0},"end":{"line":25,"column":42}},"11":{"start":{"line":26,"column":0},"end":{"line":26,"column":32}},"12":{"start":{"line":27,"column":0},"end":{"line":27,"column":35}},"13":{"start":{"line":28,"column":0},"end":{"line":28,"column":40}},"14":{"start":{"line":30,"column":0},"end":{"line":30,"column":24}}},"fnMap":{"0":{"name":"(anonymous_0)","decl":{"start":{"line":14,"column":16},"end":{"line":14,"column":17}},"loc":{"start":{"line":14,"column":30},"end":{"line":21,"column":1}},"line":14}},"branchMap":{},"s":{"0":6,"1":6,"2":6,"3":6,"4":6,"5":6,"6":6,"7":6,"8":0,"9":6,"10":6,"11":6,"12":6,"13":6,"14":6},"f":{"0":0},"b":{},"_coverageSchema":"1a1c01bbd47fc00a2c39e90264f33305004495a9","hash":"6e43ede629f84b2391ea7f2eec1dd54bff9e4650"}
,"C:\\Users\\sthep\\Documents\\GitHub\\Projeto-PI-4\\comanda-plus\\backend\\src\\routes\\orderRoutes.js": {"path":"C:\\Users\\sthep\\Documents\\GitHub\\Projeto-PI-4\\comanda-plus\\backend\\src\\routes\\orderRoutes.js","statementMap":{"0":{"start":{"line":2,"column":16},"end":{"line":2,"column":34}},"1":{"start":{"line":3,"column":24},"end":{"line":3,"column":65}},"2":{"start":{"line":4,"column":33},"end":{"line":4,"column":57}},"3":{"start":{"line":5,"column":35},"end":{"line":5,"column":81}},"4":{"start":{"line":7,"column":15},"end":{"line":7,"column":31}},"5":{"start":{"line":9,"column":0},"end":{"line":9,"column":40}},"6":{"start":{"line":10,"column":0},"end":{"line":10,"column":44}},"7":{"start":{"line":11,"column":0},"end":{"line":11,"column":41}},"8":{"start":{"line":12,"column":0},"end":{"line":12,"column":102}},"9":{"start":{"line":13,"column":0},"end":{"line":13,"column":46}},"10":{"start":{"line":15,"column":0},"end":{"line":15,"column":24}}},"fnMap":{},"branchMap":{},"s":{"0":6,"1":6,"2":6,"3":6,"4":6,"5":6,"6":6,"7":6,"8":6,"9":6,"10":6},"f":{},"b":{},"_coverageSchema":"1a1c01bbd47fc00a2c39e90264f33305004495a9","hash":"34966024802f8d53ffd41b544ec18144d70fae94"}
,"C:\\Users\\sthep\\Documents\\GitHub\\Projeto-PI-4\\comanda-plus\\backend\\src\\routes\\productRoutes.js": {"path":"C:\\Users\\sthep\\Documents\\GitHub\\Projeto-PI-4\\comanda-plus\\backend\\src\\routes\\productRoutes.js","statementMap":{"0":{"start":{"line":2,"column":16},"end":{"line":2,"column":34}},"1":{"start":{"line":3,"column":26},"end":{"line":3,"column":69}},"2":{"start":{"line":4,"column":29},"end":{"line":4,"column":53}},"3":{"start":{"line":5,"column":35},"end":{"line":5,"column":81}},"4":{"start":{"line":7,"column":15},"end":{"line":7,"column":31}},"5":{"start":{"line":10,"column":0},"end":{"line":10,"column":42}},"6":{"start":{"line":13,"column":0},"end":{"line":13,"column":46}},"7":{"start":{"line":16,"column":0},"end":{"line":16,"column":85}},"8":{"start":{"line":19,"column":0},"end":{"line":19,"column":87}},"9":{"start":{"line":22,"column":0},"end":{"line":22,"column":48}},"10":{"start":{"line":24,"column":0},"end":{"line":24,"column":24}}},"fnMap":{},"branchMap":{},"s":{"0":6,"1":6,"2":6,"3":6,"4":6,"5":6,"6":6,"7":6,"8":6,"9":6,"10":6},"f":{},"b":{},"_coverageSchema":"1a1c01bbd47fc00a2c39e90264f33305004495a9","hash":"ac41ae14538b0cf39026858a15bebd4fa6cfb59f"}
,"C:\\Users\\sthep\\Documents\\GitHub\\Projeto-PI-4\\comanda-plus\\backend\\src\\utils\\helpers.js": {"path":"C:\\Users\\sthep\\Documents\\GitHub\\Projeto-PI-4\\comanda-plus\\backend\\src\\utils\\helpers.js","statementMap":{"0":{"start":{"line":10,"column":12},"end":{"line":10,"column":26}},"1":{"start":{"line":11,"column":2},"end":{"line":11,"column":39}},"2":{"start":{"line":20,"column":2},"end":{"line":23,"column":5}},"3":{"start":{"line":32,"column":2},"end":{"line":32,"column":54}},"4":{"start":{"line":35,"column":0},"end":{"line":35,"column":59}}},"fnMap":{"0":{"name":"formatarData","decl":{"start":{"line":9,"column":9},"end":{"line":9,"column":21}},"loc":{"start":{"line":9,"column":28},"end":{"line":12,"column":1}},"line":9},"1":{"name":"formatarMoeda","decl":{"start":{"line":19,"column":9},"end":{"line":19,"column":22}},"loc":{"start":{"line":19,"column":30},"end":{"line":24,"column":1}},"line":19},"2":{"name":"isNumero","decl":{"start":{"line":31,"column":9},"end":{"line":31,"column":17}},"loc":{"start":{"line":31,"column":25},"end":{"line":33,"column":1}},"line":31}},"branchMap":{"0":{"loc":{"start":{"line":32,"column":9},"end":{"line":32,"column":53}},"type":"binary-expr","locations":[{"start":{"line":32,"column":9},"end":{"line":32,"column":34}},{"start":{"line":32,"column":38},"end":{"line":32,"column":53}}],"line":32}},"s":{"0":2,"1":2,"2":3,"3":8,"4":1},"f":{"0":2,"1":3,"2":8},"b":{"0":[8,3]},"_coverageSchema":"1a1c01bbd47fc00a2c39e90264f33305004495a9","hash":"69a9e2cec696963813d5aff36eccf0b3790a610f"}
,"C:\\Users\\sthep\\Documents\\GitHub\\Projeto-PI-4\\comanda-plus\\backend\\src\\validators\\index.js": {"path":"C:\\Users\\sthep\\Documents\\GitHub\\Projeto-PI-4\\comanda-plus\\backend\\src\\validators\\index.js","statementMap":{"0":{"start":{"line":4,"column":17},"end":{"line":4,"column":45}},"1":{"start":{"line":7,"column":25},"end":{"line":14,"column":1}},"2":{"start":{"line":17,"column":26},"end":{"line":21,"column":1}},"3":{"start":{"line":24,"column":25},"end":{"line":31,"column":1}},"4":{"start":{"line":34,"column":28},"end":{"line":38,"column":1}},"5":{"start":{"line":41,"column":29},"end":{"line":46,"column":1}},"6":{"start":{"line":49,"column":25},"end":{"line":56,"column":1}},"7":{"start":{"line":58,"column":0},"end":{"line":65,"column":2}}},"fnMap":{},"branchMap":{},"s":{"0":6,"1":6,"2":6,"3":6,"4":6,"5":6,"6":6,"7":6},"f":{},"b":{},"_coverageSchema":"1a1c01bbd47fc00a2c39e90264f33305004495a9","hash":"9512d7a68bcbe461460f1bcee1ef7eac7d838886"}
}
