TN:
SF:src\app.js
FN:27,(anonymous_0)
FNF:1
FNH:0
FNDA:0,(anonymous_0)
DA:4,6
DA:5,6
DA:6,6
DA:7,6
DA:9,6
DA:14,6
DA:17,6
DA:22,6
DA:27,6
DA:28,0
DA:32,6
DA:34,6
LF:12
LH:11
BRF:0
BRH:0
end_of_record
TN:
SF:src\config\database.js
FNF:0
FNH:0
DA:4,6
DA:6,6
LF:2
LH:2
BRF:0
BRH:0
end_of_record
TN:
SF:src\controllers\addressController.js
FN:7,(anonymous_0)
FN:16,(anonymous_1)
FN:26,(anonymous_2)
FN:36,(anonymous_3)
FN:47,(anonymous_4)
FNF:5
FNH:5
FNDA:2,(anonymous_0)
FNDA:3,(anonymous_1)
FNDA:1,(anonymous_2)
FNDA:1,(anonymous_3)
FNDA:1,(anonymous_4)
DA:4,6
DA:6,6
DA:8,2
DA:9,2
DA:10,2
DA:12,0
DA:17,3
DA:18,3
DA:19,2
DA:20,1
DA:22,1
DA:27,1
DA:28,1
DA:29,1
DA:30,1
DA:32,0
DA:37,1
DA:38,1
DA:39,1
DA:40,1
DA:41,1
DA:43,0
DA:48,1
DA:49,1
DA:50,1
DA:51,1
DA:52,1
DA:54,0
DA:59,6
LF:29
LH:25
BRDA:19,0,0,1
BRDA:19,0,1,1
BRDA:39,1,0,0
BRDA:39,1,1,1
BRDA:50,2,0,0
BRDA:50,2,1,1
BRF:6
BRH:4
end_of_record
TN:
SF:src\controllers\cartController.js
FN:8,(anonymous_0)
FN:18,(anonymous_1)
FN:30,(anonymous_2)
FN:42,(anonymous_3)
FN:53,(anonymous_4)
FNF:5
FNH:4
FNDA:2,(anonymous_0)
FNDA:5,(anonymous_1)
FNDA:0,(anonymous_2)
FNDA:2,(anonymous_3)
FNDA:2,(anonymous_4)
DA:4,6
DA:5,6
DA:7,6
DA:9,2
DA:10,2
DA:11,2
DA:12,2
DA:14,0
DA:19,5
DA:20,5
DA:21,5
DA:22,5
DA:23,5
DA:24,5
DA:26,0
DA:31,0
DA:32,0
DA:33,0
DA:34,0
DA:35,0
DA:36,0
DA:38,0
DA:43,2
DA:44,2
DA:45,1
DA:46,1
DA:47,1
DA:49,1
DA:54,2
DA:55,2
DA:56,2
DA:58,0
DA:63,6
LF:33
LH:23
BRDA:22,0,0,0
BRDA:22,0,1,5
BRDA:23,1,0,5
BRDA:23,1,1,0
BRDA:34,2,0,0
BRDA:34,2,1,0
BRDA:45,3,0,0
BRDA:45,3,1,1
BRF:8
BRH:3
end_of_record
TN:
SF:src\controllers\categoryController.js
FN:7,(anonymous_0)
FN:16,(anonymous_1)
FN:26,(anonymous_2)
FN:36,(anonymous_3)
FN:47,(anonymous_4)
FNF:5
FNH:5
FNDA:1,(anonymous_0)
FNDA:3,(anonymous_1)
FNDA:2,(anonymous_2)
FNDA:2,(anonymous_3)
FNDA:2,(anonymous_4)
DA:4,6
DA:6,6
DA:8,1
DA:9,1
DA:10,1
DA:12,0
DA:17,3
DA:18,3
DA:19,3
DA:20,1
DA:22,0
DA:27,2
DA:28,2
DA:29,2
DA:30,1
DA:32,1
DA:37,2
DA:38,2
DA:39,2
DA:40,1
DA:41,1
DA:43,0
DA:48,2
DA:49,2
DA:50,2
DA:51,1
DA:52,1
DA:54,0
DA:59,6
LF:29
LH:25
BRDA:19,0,0,2
BRDA:19,0,1,1
BRDA:39,1,0,1
BRDA:39,1,1,1
BRDA:50,2,0,1
BRDA:50,2,1,1
BRF:6
BRH:6
end_of_record
TN:
SF:src\controllers\orderController.js
FN:8,(anonymous_0)
FN:17,(anonymous_1)
FN:27,(anonymous_2)
FN:37,(anonymous_3)
FN:54,(anonymous_4)
FN:69,(anonymous_5)
FNF:6
FNH:5
FNDA:3,(anonymous_0)
FNDA:1,(anonymous_1)
FNDA:3,(anonymous_2)
FNDA:2,(anonymous_3)
FNDA:1,(anonymous_4)
FNDA:0,(anonymous_5)
DA:4,6
DA:5,6
DA:7,6
DA:9,3
DA:10,3
DA:11,2
DA:13,1
DA:18,1
DA:19,1
DA:20,1
DA:21,1
DA:23,0
DA:28,3
DA:29,3
DA:30,3
DA:32,3
DA:33,1
DA:35,2
DA:37,2
DA:43,2
DA:46,2
DA:48,2
DA:50,0
DA:55,1
DA:56,1
DA:57,1
DA:59,1
DA:60,1
DA:62,1
DA:63,1
DA:65,0
DA:70,0
DA:71,0
DA:72,0
DA:73,0
DA:74,0
DA:76,0
DA:81,6
LF:38
LH:29
BRDA:20,0,0,0
BRDA:20,0,1,1
BRDA:32,1,0,1
BRDA:32,1,1,2
BRDA:32,2,0,3
BRDA:32,2,1,3
BRDA:60,3,0,0
BRDA:60,3,1,1
BRDA:72,4,0,0
BRDA:72,4,1,0
BRF:10
BRH:6
end_of_record
TN:
SF:src\controllers\productController.js
FN:7,(anonymous_0)
FN:21,(anonymous_1)
FN:31,(anonymous_2)
FN:41,(anonymous_3)
FN:52,(anonymous_4)
FNF:5
FNH:5
FNDA:3,(anonymous_0)
FNDA:3,(anonymous_1)
FNDA:1,(anonymous_2)
FNDA:2,(anonymous_3)
FNDA:2,(anonymous_4)
DA:4,6
DA:6,6
DA:8,3
DA:10,3
DA:11,1
DA:13,2
DA:15,2
DA:17,1
DA:22,3
DA:23,3
DA:24,3
DA:25,1
DA:27,0
DA:32,1
DA:33,1
DA:34,1
DA:35,1
DA:37,0
DA:42,2
DA:43,2
DA:44,2
DA:45,1
DA:46,1
DA:48,0
DA:53,2
DA:54,2
DA:55,2
DA:56,1
DA:57,1
DA:59,0
DA:64,6
LF:31
LH:27
BRDA:10,0,0,1
BRDA:10,0,1,2
BRDA:24,1,0,2
BRDA:24,1,1,1
BRDA:44,2,0,1
BRDA:44,2,1,1
BRDA:55,3,0,1
BRDA:55,3,1,1
BRF:8
BRH:8
end_of_record
TN:
SF:src\database\db.js
FN:16,(anonymous_0)
FN:27,(anonymous_1)
FN:28,(anonymous_2)
FN:29,(anonymous_3)
FNF:4
FNH:4
FNDA:6,(anonymous_0)
FNDA:6,(anonymous_1)
FNDA:6,(anonymous_2)
FNDA:6,(anonymous_3)
DA:4,6
DA:5,6
DA:6,6
DA:9,6
DA:16,6
DA:17,6
DA:18,0
DA:20,6
DA:22,6
DA:27,6
DA:28,6
DA:29,6
DA:30,6
DA:31,0
DA:32,0
DA:34,6
DA:35,6
DA:41,6
DA:42,6
LF:19
LH:16
BRDA:9,0,0,6
BRDA:9,0,1,0
BRDA:11,1,0,0
BRDA:11,1,1,0
BRDA:17,2,0,0
BRDA:17,2,1,6
BRDA:30,3,0,0
BRDA:30,3,1,6
BRF:8
BRH:3
end_of_record
TN:
SF:src\middlewares\errorHandler.js
FN:7,errorHandler
FNF:1
FNH:1
FNDA:10,errorHandler
DA:8,10
DA:11,10
DA:13,10
DA:20,7
LF:4
LH:4
BRDA:11,0,0,10
BRDA:11,0,1,9
BRDA:15,1,0,10
BRDA:15,1,1,1
BRDA:16,2,0,10
BRDA:16,2,1,1
BRF:6
BRH:6
end_of_record
TN:
SF:src\middlewares\validationMiddleware.js
FN:6,(anonymous_0)
FNF:1
FNH:1
FNDA:16,(anonymous_0)
DA:3,6
DA:6,6
DA:7,16
DA:8,16
DA:11,2
DA:13,2
DA:20,14
DA:23,6
LF:8
LH:8
BRDA:8,0,0,2
BRDA:8,0,1,14
BRF:2
BRH:2
end_of_record
TN:
SF:src\models\addressModel.js
FN:6,run
FN:7,(anonymous_1)
FN:8,(anonymous_2)
FN:14,get
FN:15,(anonymous_4)
FN:16,(anonymous_5)
FN:22,all
FN:23,(anonymous_7)
FN:24,(anonymous_8)
FN:32,(anonymous_9)
FN:34,(anonymous_10)
FN:36,(anonymous_11)
FN:45,(anonymous_12)
FN:54,(anonymous_13)
FNF:14
FNH:14
FNDA:5,run
FNDA:5,(anonymous_1)
FNDA:5,(anonymous_2)
FNDA:6,get
FNDA:6,(anonymous_4)
FNDA:6,(anonymous_5)
FNDA:2,all
FNDA:2,(anonymous_7)
FNDA:2,(anonymous_8)
FNDA:2,(anonymous_9)
FNDA:4,(anonymous_10)
FNDA:1,(anonymous_11)
FNDA:1,(anonymous_12)
FNDA:1,(anonymous_13)
DA:4,6
DA:7,5
DA:8,5
DA:9,5
DA:10,5
DA:15,6
DA:16,6
DA:17,6
DA:18,6
DA:23,2
DA:24,2
DA:25,2
DA:26,2
DA:31,6
DA:32,2
DA:34,4
DA:37,1
DA:38,1
DA:42,1
DA:46,1
DA:47,1
DA:51,1
DA:54,1
DA:57,6
LF:24
LH:24
BRDA:6,0,0,2
BRDA:9,1,0,0
BRDA:9,1,1,5
BRDA:14,2,0,0
BRDA:17,3,0,0
BRDA:17,3,1,6
BRDA:22,4,0,2
BRDA:25,5,0,0
BRDA:25,5,1,2
BRDA:37,6,0,1
BRDA:37,6,1,0
BRDA:40,7,0,1
BRDA:40,7,1,1
BRDA:40,8,0,1
BRDA:40,8,1,0
BRDA:46,9,0,1
BRDA:46,9,1,0
BRDA:49,10,0,1
BRDA:49,10,1,1
BRDA:49,11,0,1
BRDA:49,11,1,0
BRF:21
BRH:13
end_of_record
TN:
SF:src\models\cartModel.js
FN:6,run
FN:7,(anonymous_1)
FN:8,(anonymous_2)
FN:14,get
FN:15,(anonymous_4)
FN:16,(anonymous_5)
FN:22,all
FN:23,(anonymous_7)
FN:24,(anonymous_8)
FN:39,(anonymous_9)
FN:41,(anonymous_10)
FN:43,(anonymous_11)
FN:45,(anonymous_12)
FN:55,(anonymous_13)
FN:60,(anonymous_14)
FN:62,(anonymous_15)
FN:64,(anonymous_16)
FNF:17
FNH:16
FNDA:10,run
FNDA:10,(anonymous_1)
FNDA:10,(anonymous_2)
FNDA:15,get
FNDA:15,(anonymous_4)
FNDA:15,(anonymous_5)
FNDA:5,all
FNDA:5,(anonymous_7)
FNDA:5,(anonymous_8)
FNDA:5,(anonymous_9)
FNDA:1,(anonymous_10)
FNDA:5,(anonymous_11)
FNDA:5,(anonymous_12)
FNDA:0,(anonymous_13)
FNDA:1,(anonymous_14)
FNDA:4,(anonymous_15)
FNDA:4,(anonymous_16)
DA:4,6
DA:7,10
DA:8,10
DA:9,10
DA:10,10
DA:15,15
DA:16,15
DA:17,15
DA:18,15
DA:23,5
DA:24,5
DA:25,5
DA:26,5
DA:31,6
DA:38,6
DA:39,5
DA:41,1
DA:43,5
DA:46,5
DA:47,5
DA:48,1
DA:49,1
DA:51,4
DA:52,4
DA:56,0
DA:57,0
DA:60,1
DA:62,4
DA:65,4
DA:66,4
DA:70,6
LF:31
LH:29
BRDA:6,0,0,4
BRDA:9,1,0,0
BRDA:9,1,1,10
BRDA:14,2,0,4
BRDA:17,3,0,0
BRDA:17,3,1,15
BRDA:22,4,0,5
BRDA:25,5,0,0
BRDA:25,5,1,5
BRDA:45,6,0,0
BRDA:47,7,0,1
BRDA:47,7,1,4
BRDA:66,8,0,4
BRDA:66,8,1,2
BRF:14
BRH:10
end_of_record
TN:
SF:src\models\categoryModel.js
FN:7,run
FN:8,(anonymous_1)
FN:9,(anonymous_2)
FN:17,get
FN:18,(anonymous_4)
FN:19,(anonymous_5)
FN:27,all
FN:28,(anonymous_7)
FN:29,(anonymous_8)
FN:37,(anonymous_9)
FN:39,(anonymous_10)
FN:41,(anonymous_11)
FN:46,(anonymous_12)
FN:51,(anonymous_13)
FNF:14
FNH:14
FNDA:3,run
FNDA:3,(anonymous_1)
FNDA:3,(anonymous_2)
FNDA:9,get
FNDA:9,(anonymous_4)
FNDA:9,(anonymous_5)
FNDA:1,all
FNDA:1,(anonymous_7)
FNDA:1,(anonymous_8)
FNDA:1,(anonymous_9)
FNDA:7,(anonymous_10)
FNDA:1,(anonymous_11)
FNDA:1,(anonymous_12)
FNDA:1,(anonymous_13)
DA:4,6
DA:8,3
DA:9,3
DA:10,3
DA:11,3
DA:18,9
DA:19,9
DA:20,9
DA:21,9
DA:28,1
DA:29,1
DA:30,1
DA:31,1
DA:36,6
DA:37,1
DA:39,7
DA:42,1
DA:43,1
DA:47,1
DA:48,1
DA:51,1
DA:54,6
LF:22
LH:22
BRDA:7,0,0,0
BRDA:10,1,0,0
BRDA:10,1,1,3
BRDA:17,2,0,0
BRDA:20,3,0,0
BRDA:20,3,1,9
BRDA:27,4,0,1
BRDA:30,5,0,0
BRDA:30,5,1,1
BRDA:42,6,0,1
BRDA:42,6,1,0
BRDA:47,7,0,1
BRDA:47,7,1,1
BRF:13
BRH:7
end_of_record
TN:
SF:src\models\orderModel.js
FN:6,run
FN:7,(anonymous_1)
FN:8,(anonymous_2)
FN:14,get
FN:15,(anonymous_4)
FN:16,(anonymous_5)
FN:22,all
FN:23,(anonymous_7)
FN:24,(anonymous_8)
FN:32,(anonymous_9)
FN:39,(anonymous_10)
FN:59,(anonymous_11)
FN:78,(anonymous_12)
FN:83,(anonymous_13)
FNF:14
FNH:13
FNDA:5,run
FNDA:5,(anonymous_1)
FNDA:5,(anonymous_2)
FNDA:5,get
FNDA:5,(anonymous_4)
FNDA:5,(anonymous_5)
FNDA:7,all
FNDA:7,(anonymous_7)
FNDA:7,(anonymous_8)
FNDA:2,(anonymous_9)
FNDA:5,(anonymous_10)
FNDA:2,(anonymous_11)
FNDA:1,(anonymous_12)
FNDA:0,(anonymous_13)
DA:4,6
DA:7,5
DA:8,5
DA:9,5
DA:10,5
DA:15,5
DA:16,5
DA:17,5
DA:18,5
DA:23,7
DA:24,7
DA:25,7
DA:26,7
DA:31,6
DA:32,2
DA:40,5
DA:47,5
DA:49,5
DA:56,5
DA:61,2
DA:65,2
DA:68,2
DA:69,2
DA:75,2
DA:79,1
DA:80,1
DA:84,0
DA:85,0
DA:89,6
LF:29
LH:27
BRDA:6,0,0,0
BRDA:9,1,0,0
BRDA:9,1,1,5
BRDA:14,2,0,0
BRDA:17,3,0,0
BRDA:17,3,1,5
BRDA:22,4,0,2
BRDA:25,5,0,0
BRDA:25,5,1,7
BRDA:47,6,0,0
BRDA:47,6,1,5
BRDA:63,7,0,2
BRDA:63,7,1,0
BRDA:63,8,0,2
BRDA:63,8,1,1
BRF:15
BRH:8
end_of_record
TN:
SF:src\models\productModel.js
FN:6,run
FN:7,(anonymous_1)
FN:8,(anonymous_2)
FN:14,get
FN:15,(anonymous_4)
FN:16,(anonymous_5)
FN:22,all
FN:23,(anonymous_7)
FN:24,(anonymous_8)
FN:38,(anonymous_9)
FN:40,(anonymous_10)
FN:43,(anonymous_11)
FN:45,(anonymous_12)
FN:53,(anonymous_13)
FN:61,(anonymous_14)
FNF:15
FNH:15
FNDA:3,run
FNDA:3,(anonymous_1)
FNDA:3,(anonymous_2)
FNDA:14,get
FNDA:14,(anonymous_4)
FNDA:14,(anonymous_5)
FNDA:2,all
FNDA:2,(anonymous_7)
FNDA:2,(anonymous_8)
FNDA:1,(anonymous_9)
FNDA:1,(anonymous_10)
FNDA:12,(anonymous_11)
FNDA:1,(anonymous_12)
FNDA:1,(anonymous_13)
FNDA:1,(anonymous_14)
DA:4,6
DA:7,3
DA:8,3
DA:9,3
DA:10,3
DA:15,14
DA:16,14
DA:17,14
DA:18,14
DA:23,2
DA:24,2
DA:25,2
DA:26,2
DA:31,6
DA:37,6
DA:38,1
DA:41,1
DA:43,12
DA:46,1
DA:50,1
DA:54,1
DA:58,1
DA:61,1
DA:64,6
LF:24
LH:24
BRDA:6,0,0,0
BRDA:9,1,0,0
BRDA:9,1,1,3
BRDA:14,2,0,0
BRDA:17,3,0,0
BRDA:17,3,1,14
BRDA:22,4,0,1
BRDA:25,5,0,0
BRDA:25,5,1,2
BRDA:48,6,0,1
BRDA:48,6,1,0
BRDA:48,7,0,1
BRDA:48,7,1,1
BRDA:48,8,0,1
BRDA:48,8,1,1
BRDA:48,9,0,1
BRDA:48,9,1,0
BRDA:56,10,0,1
BRDA:56,10,1,1
BRDA:56,11,0,1
BRDA:56,11,1,1
BRDA:56,12,0,1
BRDA:56,12,1,1
BRDA:56,13,0,1
BRDA:56,13,1,1
BRDA:56,14,0,1
BRDA:56,14,1,1
BRF:27
BRH:20
end_of_record
TN:
SF:src\routes\addressRoutes.js
FNF:0
FNH:0
DA:2,6
DA:3,6
DA:4,6
DA:5,6
DA:7,6
DA:9,6
DA:10,6
DA:11,6
DA:12,6
DA:13,6
DA:15,6
LF:11
LH:11
BRF:0
BRH:0
end_of_record
TN:
SF:src\routes\cartRoutes.js
FNF:0
FNH:0
DA:2,6
DA:3,6
DA:4,6
DA:5,6
DA:7,6
DA:10,6
DA:13,6
DA:16,6
DA:19,6
DA:22,6
DA:24,6
LF:11
LH:11
BRF:0
BRH:0
end_of_record
TN:
SF:src\routes\categoryRoutes.js
FNF:0
FNH:0
DA:2,6
DA:3,6
DA:4,6
DA:5,6
DA:7,6
DA:9,6
DA:10,6
DA:11,6
DA:12,6
DA:13,6
DA:15,6
LF:11
LH:11
BRF:0
BRH:0
end_of_record
TN:
SF:src\routes\index.js
FN:14,(anonymous_0)
FNF:1
FNH:0
FNDA:0,(anonymous_0)
DA:4,6
DA:5,6
DA:6,6
DA:7,6
DA:8,6
DA:9,6
DA:11,6
DA:14,6
DA:15,0
DA:24,6
DA:25,6
DA:26,6
DA:27,6
DA:28,6
DA:30,6
LF:15
LH:14
BRF:0
BRH:0
end_of_record
TN:
SF:src\routes\orderRoutes.js
FNF:0
FNH:0
DA:2,6
DA:3,6
DA:4,6
DA:5,6
DA:7,6
DA:9,6
DA:10,6
DA:11,6
DA:12,6
DA:13,6
DA:15,6
LF:11
LH:11
BRF:0
BRH:0
end_of_record
TN:
SF:src\routes\productRoutes.js
FNF:0
FNH:0
DA:2,6
DA:3,6
DA:4,6
DA:5,6
DA:7,6
DA:10,6
DA:13,6
DA:16,6
DA:19,6
DA:22,6
DA:24,6
LF:11
LH:11
BRF:0
BRH:0
end_of_record
TN:
SF:src\utils\helpers.js
FN:9,formatarData
FN:19,formatarMoeda
FN:31,isNumero
FNF:3
FNH:3
FNDA:2,formatarData
FNDA:3,formatarMoeda
FNDA:8,isNumero
DA:10,2
DA:11,2
DA:20,3
DA:32,8
DA:35,1
LF:5
LH:5
BRDA:32,0,0,8
BRDA:32,0,1,3
BRF:2
BRH:2
end_of_record
TN:
SF:src\validators\index.js
FNF:0
FNH:0
DA:4,6
DA:7,6
DA:17,6
DA:24,6
DA:34,6
DA:41,6
DA:49,6
DA:58,6
LF:8
LH:8
BRF:0
BRH:0
end_of_record
